TpTrace Verbose: 0 : 49512, 1, 2024/09/03, 16:14:42.888, 2356215584422, vstest.console.dll, Version: 17.9.0-release-24072-02 Current process architecture: X64
TpTrace Verbose: 0 : 49512, 1, 2024/09/03, 16:14:42.890, 2356215604928, vstest.console.dll, Runtime location: C:\Program Files\dotnet\shared\Microsoft.NETCore.App\8.0.4
TpTrace Verbose: 0 : 49512, 1, 2024/09/03, 16:14:42.892, 2356215625947, vstest.console.dll, ArtifactProcessingPostProcessModeProcessorExecutor.Initialize: ArtifactProcessingMode.Collect
TpTrace Verbose: 0 : 49512, 1, 2024/09/03, 16:14:42.893, 2356215627084, vstest.console.dll, TestSessionCorrelationIdProcessorModeProcessorExecutor.Initialize: TestSessionCorrelationId '22072_3ca67644-2a0e-44c3-8172-68d9daf4d8ed'
TpTrace Information: 0 : 49512, 1, 2024/09/03, 16:14:42.898, 2356215678651, vstest.console.dll, FilePatternParser: The given file H:\Code\Study\sympli-project-tracking\Sympli.Project.Tracking\Sympli.Project.Tracking.Tests\bin\Debug\net8.0\fine-code-coverage\build-output\Sympli.Project.Tracking.Tests.dll is a full path.
TpTrace Verbose: 0 : 49512, 1, 2024/09/03, 16:14:42.902, 2356215718280, vstest.console.dll, TestPluginCache.DiscoverTestExtensions: finding test extensions in assemblies ends with: RuntimeProvider.dll TPluginInfo: Microsoft.VisualStudio.TestPlatform.Common.ExtensionFramework.Utilities.TestRuntimePluginInformation TExtension: Microsoft.VisualStudio.TestPlatform.ObjectModel.Host.ITestRuntimeProvider
TpTrace Verbose: 0 : 49512, 1, 2024/09/03, 16:14:42.902, 2356215721216, vstest.console.dll, TestPluginCache.GetExtensionPaths: Filtered extension paths: 
TpTrace Verbose: 0 : 49512, 1, 2024/09/03, 16:14:42.902, 2356215722135, vstest.console.dll, TestPluginCache.GetExtensionPaths: Added default extension paths: C:\Program Files\dotnet\sdk\8.0.204\Extensions\Microsoft.Diagnostics.NETCore.Client.dll
C:\Program Files\dotnet\sdk\8.0.204\Extensions\Microsoft.TestPlatform.Extensions.BlameDataCollector.dll
C:\Program Files\dotnet\sdk\8.0.204\Extensions\Microsoft.TestPlatform.Extensions.EventLogCollector.dll
C:\Program Files\dotnet\sdk\8.0.204\Extensions\Microsoft.TestPlatform.TestHostRuntimeProvider.dll
C:\Program Files\dotnet\sdk\8.0.204\Extensions\Microsoft.VisualStudio.TestPlatform.Extensions.Html.TestLogger.dll
C:\Program Files\dotnet\sdk\8.0.204\Extensions\Microsoft.VisualStudio.TestPlatform.Extensions.Trx.TestLogger.dll
TpTrace Verbose: 0 : 49512, 1, 2024/09/03, 16:14:42.902, 2356215722374, vstest.console.dll, TestPluginCache.GetExtensionPaths: Added unfilterableExtensionPaths: 
TpTrace Information: 0 : 49512, 1, 2024/09/03, 16:14:42.902, 2356215726573, vstest.console.dll, AssemblyResolver.ctor: Creating AssemblyResolver with searchDirectories C:\Program Files\dotnet\sdk\8.0.204\Extensions,C:\Program Files\dotnet\sdk\8.0.204
TpTrace Verbose: 0 : 49512, 1, 2024/09/03, 16:14:42.903, 2356215735625, vstest.console.dll, TestPluginCache.DiscoverTestExtensions: Discovering the extensions using extension path.
TpTrace Verbose: 0 : 49512, 1, 2024/09/03, 16:14:42.903, 2356215736522, vstest.console.dll, TestPluginCache.GetExtensionPaths: Filtered extension paths: 
TpTrace Verbose: 0 : 49512, 1, 2024/09/03, 16:14:42.903, 2356215736817, vstest.console.dll, TestPluginCache.GetExtensionPaths: Added default extension paths: C:\Program Files\dotnet\sdk\8.0.204\Extensions\Microsoft.Diagnostics.NETCore.Client.dll
C:\Program Files\dotnet\sdk\8.0.204\Extensions\Microsoft.TestPlatform.Extensions.BlameDataCollector.dll
C:\Program Files\dotnet\sdk\8.0.204\Extensions\Microsoft.TestPlatform.Extensions.EventLogCollector.dll
C:\Program Files\dotnet\sdk\8.0.204\Extensions\Microsoft.TestPlatform.TestHostRuntimeProvider.dll
C:\Program Files\dotnet\sdk\8.0.204\Extensions\Microsoft.VisualStudio.TestPlatform.Extensions.Html.TestLogger.dll
C:\Program Files\dotnet\sdk\8.0.204\Extensions\Microsoft.VisualStudio.TestPlatform.Extensions.Trx.TestLogger.dll
TpTrace Verbose: 0 : 49512, 1, 2024/09/03, 16:14:42.903, 2356215736997, vstest.console.dll, TestPluginCache.GetExtensionPaths: Added unfilterableExtensionPaths: 
TpTrace Verbose: 0 : 49512, 1, 2024/09/03, 16:14:42.904, 2356215737792, vstest.console.dll, TestPluginCache.DiscoverTestExtensions: Discovering the extensions using allExtensionPaths: C:\Program Files\dotnet\sdk\8.0.204\Extensions\Microsoft.Diagnostics.NETCore.Client.dll
C:\Program Files\dotnet\sdk\8.0.204\Extensions\Microsoft.TestPlatform.Extensions.BlameDataCollector.dll
C:\Program Files\dotnet\sdk\8.0.204\Extensions\Microsoft.TestPlatform.Extensions.EventLogCollector.dll
C:\Program Files\dotnet\sdk\8.0.204\Extensions\Microsoft.TestPlatform.TestHostRuntimeProvider.dll
C:\Program Files\dotnet\sdk\8.0.204\Extensions\Microsoft.VisualStudio.TestPlatform.Extensions.Html.TestLogger.dll
C:\Program Files\dotnet\sdk\8.0.204\Extensions\Microsoft.VisualStudio.TestPlatform.Extensions.Trx.TestLogger.dll
TpTrace Information: 0 : 49512, 1, 2024/09/03, 16:14:42.904, 2356215738541, vstest.console.dll, AssemblyResolver.AddSearchDirectories: Adding more searchDirectories C:\Program Files\dotnet\sdk\8.0.204\Extensions,C:\Program Files\dotnet\sdk\8.0.204
TpTrace Information: 0 : 49512, 1, 2024/09/03, 16:14:42.904, 2356215738928, vstest.console.dll, AssemblyResolver.AddSearchDirectories: Adding more searchDirectories C:\Program Files\dotnet\sdk\8.0.204\Extensions,C:\Program Files\dotnet\sdk\8.0.204
TpTrace Information: 0 : 49512, 1, 2024/09/03, 16:14:42.904, 2356215739120, vstest.console.dll, AssemblyResolver.AddSearchDirectories: Adding more searchDirectories C:\Program Files\dotnet\sdk\8.0.204\Extensions,C:\Program Files\dotnet\sdk\8.0.204
TpTrace Information: 0 : 49512, 1, 2024/09/03, 16:14:42.904, 2356215739282, vstest.console.dll, AssemblyResolver.AddSearchDirectories: Adding more searchDirectories C:\Program Files\dotnet\sdk\8.0.204\Extensions,C:\Program Files\dotnet\sdk\8.0.204
TpTrace Information: 0 : 49512, 1, 2024/09/03, 16:14:42.904, 2356215739465, vstest.console.dll, AssemblyResolver.AddSearchDirectories: Adding more searchDirectories C:\Program Files\dotnet\sdk\8.0.204\Extensions,C:\Program Files\dotnet\sdk\8.0.204
TpTrace Information: 0 : 49512, 1, 2024/09/03, 16:14:42.904, 2356215739623, vstest.console.dll, AssemblyResolver.AddSearchDirectories: Adding more searchDirectories C:\Program Files\dotnet\sdk\8.0.204\Extensions,C:\Program Files\dotnet\sdk\8.0.204
TpTrace Information: 0 : 49512, 1, 2024/09/03, 16:14:42.904, 2356215743238, vstest.console.dll, AssemblyResolver.OnResolve: Microsoft.Diagnostics.NETCore.Client: Resolving assembly.
TpTrace Information: 0 : 49512, 1, 2024/09/03, 16:14:42.904, 2356215743815, vstest.console.dll, AssemblyResolver.OnResolve: Microsoft.Diagnostics.NETCore.Client: Searching in: 'C:\Program Files\dotnet\sdk\8.0.204\Extensions'.
TpTrace Information: 0 : 49512, 1, 2024/09/03, 16:14:42.909, 2356215793228, vstest.console.dll, AssemblyResolver.OnResolve: Microsoft.Diagnostics.NETCore.Client: Loading assembly 'C:\Program Files\dotnet\sdk\8.0.204\Extensions\Microsoft.Diagnostics.NETCore.Client.dll'.
TpTrace Information: 0 : 49512, 1, 2024/09/03, 16:14:42.910, 2356215799426, vstest.console.dll, AssemblyResolver.OnResolve: Resolved assembly: Microsoft.Diagnostics.NETCore.Client, from path: C:\Program Files\dotnet\sdk\8.0.204\Extensions\Microsoft.Diagnostics.NETCore.Client.dll
TpTrace Verbose: 0 : 49512, 1, 2024/09/03, 16:14:42.913, 2356215831888, vstest.console.dll, MetadataReaderExtensionsHelper: Discovering extensions inside assembly 'Microsoft.Diagnostics.NETCore.Client, Version=0.2.9.2401, Culture=neutral, PublicKeyToken=31bf3856ad364e35' file path 'C:\Program Files\dotnet\sdk\8.0.204\Extensions\Microsoft.Diagnostics.NETCore.Client.dll'
TpTrace Information: 0 : 49512, 1, 2024/09/03, 16:14:42.916, 2356215865189, vstest.console.dll, AssemblyResolver.OnResolve: Microsoft.Bcl.AsyncInterfaces: Resolving assembly.
TpTrace Information: 0 : 49512, 1, 2024/09/03, 16:14:42.916, 2356215865938, vstest.console.dll, AssemblyResolver.OnResolve: Microsoft.Bcl.AsyncInterfaces: Searching in: 'C:\Program Files\dotnet\sdk\8.0.204\Extensions'.
TpTrace Information: 0 : 49512, 1, 2024/09/03, 16:14:42.916, 2356215866492, vstest.console.dll, AssemblyResolver.OnResolve: Microsoft.Bcl.AsyncInterfaces: Assembly path does not exist: 'C:\Program Files\dotnet\sdk\8.0.204\Extensions\Microsoft.Bcl.AsyncInterfaces.dll', returning.
TpTrace Information: 0 : 49512, 1, 2024/09/03, 16:14:42.917, 2356215867291, vstest.console.dll, AssemblyResolver.OnResolve: Microsoft.Bcl.AsyncInterfaces: Assembly path does not exist: 'C:\Program Files\dotnet\sdk\8.0.204\Extensions\Microsoft.Bcl.AsyncInterfaces.exe', returning.
TpTrace Information: 0 : 49512, 1, 2024/09/03, 16:14:42.917, 2356215867551, vstest.console.dll, AssemblyResolver.OnResolve: Microsoft.Bcl.AsyncInterfaces: Searching in: 'C:\Program Files\dotnet\sdk\8.0.204'.
TpTrace Information: 0 : 49512, 1, 2024/09/03, 16:14:42.917, 2356215867993, vstest.console.dll, AssemblyResolver.OnResolve: Microsoft.Bcl.AsyncInterfaces: Assembly path does not exist: 'C:\Program Files\dotnet\sdk\8.0.204\Microsoft.Bcl.AsyncInterfaces.dll', returning.
TpTrace Information: 0 : 49512, 1, 2024/09/03, 16:14:42.917, 2356215868371, vstest.console.dll, AssemblyResolver.OnResolve: Microsoft.Bcl.AsyncInterfaces: Assembly path does not exist: 'C:\Program Files\dotnet\sdk\8.0.204\Microsoft.Bcl.AsyncInterfaces.exe', returning.
TpTrace Information: 0 : 49512, 1, 2024/09/03, 16:14:42.917, 2356215868629, vstest.console.dll, AssemblyResolver.OnResolve: Microsoft.Bcl.AsyncInterfaces: Failed to load assembly.
TpTrace Verbose: 0 : 49512, 1, 2024/09/03, 16:14:42.917, 2356215868844, vstest.console.dll, CurrentDomainAssemblyResolve: Resolving assembly 'Microsoft.Bcl.AsyncInterfaces'.
TpTrace Information: 0 : 49512, 1, 2024/09/03, 16:14:42.917, 2356215869215, vstest.console.dll, AssemblyResolver.OnResolve: Microsoft.Bcl.AsyncInterfaces: Resolving assembly.
TpTrace Information: 0 : 49512, 1, 2024/09/03, 16:14:42.917, 2356215869450, vstest.console.dll, AssemblyResolver.OnResolve: Microsoft.Bcl.AsyncInterfaces: Resolved from cache.
TpTrace Verbose: 0 : 49512, 1, 2024/09/03, 16:14:42.917, 2356215869599, vstest.console.dll, CurrentDomainAssemblyResolve: Resolving assembly 'Microsoft.Bcl.AsyncInterfaces'.
TpTrace Verbose: 0 : 49512, 1, 2024/09/03, 16:14:42.917, 2356215869785, vstest.console.dll, CurrentDomainAssemblyResolve: Failed to resolve assembly 'Microsoft.Bcl.AsyncInterfaces'.
TpTrace Verbose: 0 : 49512, 1, 2024/09/03, 16:14:42.917, 2356215875965, vstest.console.dll, CurrentDomainAssemblyResolve: Failed to resolve assembly 'Microsoft.Bcl.AsyncInterfaces'.
TpTrace Warning: 0 : 49512, 1, 2024/09/03, 16:14:42.924, 2356215944729, vstest.console.dll, TestPluginDiscoverer: Failed to get types from assembly 'Microsoft.Diagnostics.NETCore.Client, Version=0.2.9.2401, Culture=neutral, PublicKeyToken=31bf3856ad364e35'. Error: System.Reflection.ReflectionTypeLoadException: Unable to load one or more of the requested types.
Could not load file or assembly 'Microsoft.Bcl.AsyncInterfaces, Version=6.0.0.0, Culture=neutral, PublicKeyToken=cc7b13ffcd2ddd51'. The system cannot find the file specified.
   at System.Reflection.RuntimeModule.GetTypes(RuntimeModule module)
   at System.Reflection.RuntimeModule.GetTypes()
   at Microsoft.VisualStudio.TestPlatform.Common.ExtensionFramework.TestPluginDiscoverer.GetTestExtensionsFromAssembly[TPluginInfo,TExtension](Assembly assembly, Dictionary`2 pluginInfos, String filePath) in /_/src/Microsoft.TestPlatform.Common/ExtensionFramework/TestPluginDiscoverer.cs:line 158
System.IO.FileNotFoundException: Could not load file or assembly 'Microsoft.Bcl.AsyncInterfaces, Version=6.0.0.0, Culture=neutral, PublicKeyToken=cc7b13ffcd2ddd51'. The system cannot find the file specified.
File name: 'Microsoft.Bcl.AsyncInterfaces, Version=6.0.0.0, Culture=neutral, PublicKeyToken=cc7b13ffcd2ddd51'
 ---> System.IO.FileNotFoundException: Could not load file or assembly 'Microsoft.Bcl.AsyncInterfaces, Culture=neutral, PublicKeyToken=null'. The system cannot find the file specified.
File name: 'Microsoft.Bcl.AsyncInterfaces, Culture=neutral, PublicKeyToken=null'
   at System.Reflection.RuntimeAssembly.InternalLoad(AssemblyName assemblyName, StackCrawlMark& stackMark, AssemblyLoadContext assemblyLoadContext, RuntimeAssembly requestingAssembly, Boolean throwOnFileNotFound)
   at System.Reflection.Assembly.Load(AssemblyName assemblyRef)
   at Microsoft.VisualStudio.TestPlatform.Common.ExtensionFramework.TestPluginCache.CurrentDomainAssemblyResolve(Object sender, AssemblyResolveEventArgs args) in /_/src/Microsoft.TestPlatform.Common/ExtensionFramework/TestPluginCache.cs:line 513
   at System.Runtime.Loader.AssemblyLoadContext.GetFirstResolvedAssemblyFromResolvingEvent(AssemblyName assemblyName)
   at System.Runtime.Loader.AssemblyLoadContext.ResolveUsingEvent(AssemblyName assemblyName)
   at System.Runtime.Loader.AssemblyLoadContext.ResolveUsingResolvingEvent(IntPtr gchManagedAssemblyLoadContext, AssemblyName assemblyName)
TpTrace Warning: 0 : 49512, 1, 2024/09/03, 16:14:42.925, 2356215947611, vstest.console.dll, LoaderExceptions: System.IO.FileNotFoundException: Could not load file or assembly 'Microsoft.Bcl.AsyncInterfaces, Version=6.0.0.0, Culture=neutral, PublicKeyToken=cc7b13ffcd2ddd51'. The system cannot find the file specified.
File name: 'Microsoft.Bcl.AsyncInterfaces, Version=6.0.0.0, Culture=neutral, PublicKeyToken=cc7b13ffcd2ddd51'
 ---> System.IO.FileNotFoundException: Could not load file or assembly 'Microsoft.Bcl.AsyncInterfaces, Culture=neutral, PublicKeyToken=null'. The system cannot find the file specified.
File name: 'Microsoft.Bcl.AsyncInterfaces, Culture=neutral, PublicKeyToken=null'
   at System.Reflection.RuntimeAssembly.InternalLoad(AssemblyName assemblyName, StackCrawlMark& stackMark, AssemblyLoadContext assemblyLoadContext, RuntimeAssembly requestingAssembly, Boolean throwOnFileNotFound)
   at System.Reflection.Assembly.Load(AssemblyName assemblyRef)
   at Microsoft.VisualStudio.TestPlatform.Common.ExtensionFramework.TestPluginCache.CurrentDomainAssemblyResolve(Object sender, AssemblyResolveEventArgs args) in /_/src/Microsoft.TestPlatform.Common/ExtensionFramework/TestPluginCache.cs:line 513
   at System.Runtime.Loader.AssemblyLoadContext.GetFirstResolvedAssemblyFromResolvingEvent(AssemblyName assemblyName)
   at System.Runtime.Loader.AssemblyLoadContext.ResolveUsingEvent(AssemblyName assemblyName)
   at System.Runtime.Loader.AssemblyLoadContext.ResolveUsingResolvingEvent(IntPtr gchManagedAssemblyLoadContext, AssemblyName assemblyName)
TpTrace Information: 0 : 49512, 1, 2024/09/03, 16:14:42.925, 2356215948882, vstest.console.dll, AssemblyResolver.OnResolve: Microsoft.TestPlatform.Extensions.BlameDataCollector: Resolving assembly.
TpTrace Information: 0 : 49512, 1, 2024/09/03, 16:14:42.925, 2356215949220, vstest.console.dll, AssemblyResolver.OnResolve: Microsoft.TestPlatform.Extensions.BlameDataCollector: Searching in: 'C:\Program Files\dotnet\sdk\8.0.204\Extensions'.
TpTrace Information: 0 : 49512, 1, 2024/09/03, 16:14:42.925, 2356215953940, vstest.console.dll, AssemblyResolver.OnResolve: Microsoft.TestPlatform.Extensions.BlameDataCollector: Loading assembly 'C:\Program Files\dotnet\sdk\8.0.204\Extensions\Microsoft.TestPlatform.Extensions.BlameDataCollector.dll'.
TpTrace Information: 0 : 49512, 1, 2024/09/03, 16:14:42.926, 2356215959081, vstest.console.dll, AssemblyResolver.OnResolve: Resolved assembly: Microsoft.TestPlatform.Extensions.BlameDataCollector, from path: C:\Program Files\dotnet\sdk\8.0.204\Extensions\Microsoft.TestPlatform.Extensions.BlameDataCollector.dll
TpTrace Verbose: 0 : 49512, 1, 2024/09/03, 16:14:42.926, 2356215959699, vstest.console.dll, MetadataReaderExtensionsHelper: Discovering extensions inside assembly 'Microsoft.TestPlatform.Extensions.BlameDataCollector, Version=15.0.0.0, Culture=neutral, PublicKeyToken=b03f5f7f11d50a3a' file path 'C:\Program Files\dotnet\sdk\8.0.204\Extensions\Microsoft.TestPlatform.Extensions.BlameDataCollector.dll'
TpTrace Information: 0 : 49512, 1, 2024/09/03, 16:14:42.927, 2356215971227, vstest.console.dll, AssemblyResolver.OnResolve: Microsoft.TestPlatform.Extensions.EventLogCollector: Resolving assembly.
TpTrace Information: 0 : 49512, 1, 2024/09/03, 16:14:42.927, 2356215971635, vstest.console.dll, AssemblyResolver.OnResolve: Microsoft.TestPlatform.Extensions.EventLogCollector: Searching in: 'C:\Program Files\dotnet\sdk\8.0.204\Extensions'.
TpTrace Information: 0 : 49512, 1, 2024/09/03, 16:14:42.927, 2356215975259, vstest.console.dll, AssemblyResolver.OnResolve: Microsoft.TestPlatform.Extensions.EventLogCollector: Loading assembly 'C:\Program Files\dotnet\sdk\8.0.204\Extensions\Microsoft.TestPlatform.Extensions.EventLogCollector.dll'.
TpTrace Information: 0 : 49512, 1, 2024/09/03, 16:14:42.928, 2356215979063, vstest.console.dll, AssemblyResolver.OnResolve: Resolved assembly: Microsoft.TestPlatform.Extensions.EventLogCollector, from path: C:\Program Files\dotnet\sdk\8.0.204\Extensions\Microsoft.TestPlatform.Extensions.EventLogCollector.dll
TpTrace Verbose: 0 : 49512, 1, 2024/09/03, 16:14:42.928, 2356215979584, vstest.console.dll, MetadataReaderExtensionsHelper: Discovering extensions inside assembly 'Microsoft.TestPlatform.Extensions.EventLogCollector, Version=15.0.0.0, Culture=neutral, PublicKeyToken=b03f5f7f11d50a3a' file path 'C:\Program Files\dotnet\sdk\8.0.204\Extensions\Microsoft.TestPlatform.Extensions.EventLogCollector.dll'
TpTrace Information: 0 : 49512, 1, 2024/09/03, 16:14:42.930, 2356216002552, vstest.console.dll, AssemblyResolver.OnResolve: Microsoft.TestPlatform.TestHostRuntimeProvider: Resolving assembly.
TpTrace Information: 0 : 49512, 1, 2024/09/03, 16:14:42.930, 2356216003257, vstest.console.dll, AssemblyResolver.OnResolve: Microsoft.TestPlatform.TestHostRuntimeProvider: Searching in: 'C:\Program Files\dotnet\sdk\8.0.204\Extensions'.
TpTrace Information: 0 : 49512, 1, 2024/09/03, 16:14:42.930, 2356216006969, vstest.console.dll, AssemblyResolver.OnResolve: Microsoft.TestPlatform.TestHostRuntimeProvider: Loading assembly 'C:\Program Files\dotnet\sdk\8.0.204\Extensions\Microsoft.TestPlatform.TestHostRuntimeProvider.dll'.
TpTrace Information: 0 : 49512, 1, 2024/09/03, 16:14:42.931, 2356216011413, vstest.console.dll, AssemblyResolver.OnResolve: Resolved assembly: Microsoft.TestPlatform.TestHostRuntimeProvider, from path: C:\Program Files\dotnet\sdk\8.0.204\Extensions\Microsoft.TestPlatform.TestHostRuntimeProvider.dll
TpTrace Verbose: 0 : 49512, 1, 2024/09/03, 16:14:42.931, 2356216011922, vstest.console.dll, MetadataReaderExtensionsHelper: Discovering extensions inside assembly 'Microsoft.TestPlatform.TestHostRuntimeProvider, Version=15.0.0.0, Culture=neutral, PublicKeyToken=b03f5f7f11d50a3a' file path 'C:\Program Files\dotnet\sdk\8.0.204\Extensions\Microsoft.TestPlatform.TestHostRuntimeProvider.dll'
TpTrace Information: 0 : 49512, 1, 2024/09/03, 16:14:42.932, 2356216023911, vstest.console.dll, GetTestExtensionFromType: Register extension with identifier data 'HostProvider://DefaultTestHost' and type 'Microsoft.VisualStudio.TestPlatform.CrossPlatEngine.Hosting.DefaultTestHostManager, Microsoft.TestPlatform.TestHostRuntimeProvider, Version=15.0.0.0, Culture=neutral, PublicKeyToken=b03f5f7f11d50a3a' inside file 'C:\Program Files\dotnet\sdk\8.0.204\Extensions\Microsoft.TestPlatform.TestHostRuntimeProvider.dll'
TpTrace Information: 0 : 49512, 1, 2024/09/03, 16:14:42.932, 2356216025712, vstest.console.dll, GetTestExtensionFromType: Register extension with identifier data 'HostProvider://DotnetTestHost' and type 'Microsoft.VisualStudio.TestPlatform.CrossPlatEngine.Hosting.DotnetTestHostManager, Microsoft.TestPlatform.TestHostRuntimeProvider, Version=15.0.0.0, Culture=neutral, PublicKeyToken=b03f5f7f11d50a3a' inside file 'C:\Program Files\dotnet\sdk\8.0.204\Extensions\Microsoft.TestPlatform.TestHostRuntimeProvider.dll'
TpTrace Information: 0 : 49512, 1, 2024/09/03, 16:14:42.932, 2356216026273, vstest.console.dll, AssemblyResolver.OnResolve: Microsoft.VisualStudio.TestPlatform.Extensions.Html.TestLogger: Resolving assembly.
TpTrace Information: 0 : 49512, 1, 2024/09/03, 16:14:42.932, 2356216026497, vstest.console.dll, AssemblyResolver.OnResolve: Microsoft.VisualStudio.TestPlatform.Extensions.Html.TestLogger: Searching in: 'C:\Program Files\dotnet\sdk\8.0.204\Extensions'.
TpTrace Information: 0 : 49512, 1, 2024/09/03, 16:14:42.933, 2356216029965, vstest.console.dll, AssemblyResolver.OnResolve: Microsoft.VisualStudio.TestPlatform.Extensions.Html.TestLogger: Loading assembly 'C:\Program Files\dotnet\sdk\8.0.204\Extensions\Microsoft.VisualStudio.TestPlatform.Extensions.Html.TestLogger.dll'.
TpTrace Information: 0 : 49512, 1, 2024/09/03, 16:14:42.933, 2356216034093, vstest.console.dll, AssemblyResolver.OnResolve: Resolved assembly: Microsoft.VisualStudio.TestPlatform.Extensions.Html.TestLogger, from path: C:\Program Files\dotnet\sdk\8.0.204\Extensions\Microsoft.VisualStudio.TestPlatform.Extensions.Html.TestLogger.dll
TpTrace Verbose: 0 : 49512, 1, 2024/09/03, 16:14:42.933, 2356216034568, vstest.console.dll, MetadataReaderExtensionsHelper: Discovering extensions inside assembly 'Microsoft.VisualStudio.TestPlatform.Extensions.Html.TestLogger, Version=15.0.0.0, Culture=neutral, PublicKeyToken=b03f5f7f11d50a3a' file path 'C:\Program Files\dotnet\sdk\8.0.204\Extensions\Microsoft.VisualStudio.TestPlatform.Extensions.Html.TestLogger.dll'
TpTrace Information: 0 : 49512, 1, 2024/09/03, 16:14:42.934, 2356216040741, vstest.console.dll, AssemblyResolver.OnResolve: Microsoft.VisualStudio.TestPlatform.Extensions.Trx.TestLogger: Resolving assembly.
TpTrace Information: 0 : 49512, 1, 2024/09/03, 16:14:42.934, 2356216041239, vstest.console.dll, AssemblyResolver.OnResolve: Microsoft.VisualStudio.TestPlatform.Extensions.Trx.TestLogger: Searching in: 'C:\Program Files\dotnet\sdk\8.0.204\Extensions'.
TpTrace Information: 0 : 49512, 1, 2024/09/03, 16:14:42.934, 2356216044304, vstest.console.dll, AssemblyResolver.OnResolve: Microsoft.VisualStudio.TestPlatform.Extensions.Trx.TestLogger: Loading assembly 'C:\Program Files\dotnet\sdk\8.0.204\Extensions\Microsoft.VisualStudio.TestPlatform.Extensions.Trx.TestLogger.dll'.
TpTrace Information: 0 : 49512, 1, 2024/09/03, 16:14:42.935, 2356216048458, vstest.console.dll, AssemblyResolver.OnResolve: Resolved assembly: Microsoft.VisualStudio.TestPlatform.Extensions.Trx.TestLogger, from path: C:\Program Files\dotnet\sdk\8.0.204\Extensions\Microsoft.VisualStudio.TestPlatform.Extensions.Trx.TestLogger.dll
TpTrace Verbose: 0 : 49512, 1, 2024/09/03, 16:14:42.935, 2356216048971, vstest.console.dll, MetadataReaderExtensionsHelper: Discovering extensions inside assembly 'Microsoft.VisualStudio.TestPlatform.Extensions.Trx.TestLogger, Version=15.0.0.0, Culture=neutral, PublicKeyToken=b03f5f7f11d50a3a' file path 'C:\Program Files\dotnet\sdk\8.0.204\Extensions\Microsoft.VisualStudio.TestPlatform.Extensions.Trx.TestLogger.dll'
TpTrace Verbose: 0 : 49512, 1, 2024/09/03, 16:14:42.936, 2356216057608, vstest.console.dll, TestPluginCache: Discovered the extensions using extension path ''.
TpTrace Verbose: 0 : 49512, 1, 2024/09/03, 16:14:42.936, 2356216058367, vstest.console.dll, TestPluginCache: Discoverers are ''.
TpTrace Verbose: 0 : 49512, 1, 2024/09/03, 16:14:42.936, 2356216058553, vstest.console.dll, TestPluginCache: Executors are ''.
TpTrace Verbose: 0 : 49512, 1, 2024/09/03, 16:14:42.936, 2356216058696, vstest.console.dll, TestPluginCache: Executors2 are ''.
TpTrace Verbose: 0 : 49512, 1, 2024/09/03, 16:14:42.936, 2356216058828, vstest.console.dll, TestPluginCache: Setting providers are ''.
TpTrace Verbose: 0 : 49512, 1, 2024/09/03, 16:14:42.936, 2356216058959, vstest.console.dll, TestPluginCache: Loggers are ''.
TpTrace Verbose: 0 : 49512, 1, 2024/09/03, 16:14:42.936, 2356216060246, vstest.console.dll, TestPluginCache: TestHosts are 'HostProvider://DefaultTestHost,HostProvider://DotnetTestHost'.
TpTrace Verbose: 0 : 49512, 1, 2024/09/03, 16:14:42.936, 2356216060527, vstest.console.dll, TestPluginCache: DataCollectors are ''.
TpTrace Information: 0 : 49512, 1, 2024/09/03, 16:14:42.946, 2356216160472, vstest.console.dll, RunTestsArgumentProcessor:Execute: Test run is starting.
TpTrace Verbose: 0 : 49512, 1, 2024/09/03, 16:14:42.946, 2356216161247, vstest.console.dll, RunTestsArgumentProcessor:Execute: Queuing Test run.
TpTrace Information: 0 : 49512, 1, 2024/09/03, 16:14:42.946, 2356216163156, vstest.console.dll, TestRequestManager.RunTests: run tests started.
TpTrace Information: 0 : 49512, 1, 2024/09/03, 16:14:42.947, 2356216172460, vstest.console.dll, AssemblyMetadataProvider.GetFrameworkName: Determined framework:'.NETCoreApp,Version=v8.0' for source: 'H:\Code\Study\sympli-project-tracking\Sympli.Project.Tracking\Sympli.Project.Tracking.Tests\bin\Debug\net8.0\fine-code-coverage\build-output\Sympli.Project.Tracking.Tests.dll'
TpTrace Information: 0 : 49512, 1, 2024/09/03, 16:14:42.947, 2356216173546, vstest.console.dll, Determined framework for all sources: .NETCoreApp,Version=v8.0
TpTrace Verbose: 0 : 49512, 1, 2024/09/03, 16:14:42.947, 2356216175962, vstest.console.dll, TestRequestManager.UpdateRunSettingsIfRequired: Default architecture: X64 IsDefaultTargetArchitecture: True, Current process architecture: X64 OperatingSystem: Windows.
TpTrace Information: 0 : 49512, 1, 2024/09/03, 16:14:42.949, 2356216187689, vstest.console.dll, AssemblyMetadataProvider.GetArchitecture: Determined architecture:AnyCPU info for assembly: H:\Code\Study\sympli-project-tracking\Sympli.Project.Tracking\Sympli.Project.Tracking.Tests\bin\Debug\net8.0\fine-code-coverage\build-output\Sympli.Project.Tracking.Tests.dll
TpTrace Information: 0 : 49512, 1, 2024/09/03, 16:14:42.949, 2356216188119, vstest.console.dll, Determined platform for source 'H:\Code\Study\sympli-project-tracking\Sympli.Project.Tracking\Sympli.Project.Tracking.Tests\bin\Debug\net8.0\fine-code-coverage\build-output\Sympli.Project.Tracking.Tests.dll' was AnyCPU and it will use the default plaform X64.
TpTrace Information: 0 : 49512, 1, 2024/09/03, 16:14:42.949, 2356216188306, vstest.console.dll, None of the sources provided any runnable platform, using the default platform: X64
TpTrace Information: 0 : 49512, 1, 2024/09/03, 16:14:42.949, 2356216188828, vstest.console.dll, Platform was updated to 'X64'.
TpTrace Information: 0 : 49512, 1, 2024/09/03, 16:14:42.951, 2356216209383, vstest.console.dll, InferRunSettingsHelper.IsTestSettingsEnabled: Unable to navigate to RunSettings/MSTest. Current node: RunSettings
TpTrace Information: 0 : 49512, 1, 2024/09/03, 16:14:42.951, 2356216213294, vstest.console.dll, AssemblyResolver.OnResolve: Microsoft.VisualStudio.TestPlatform.Fakes: Resolving assembly.
TpTrace Information: 0 : 49512, 1, 2024/09/03, 16:14:42.951, 2356216213696, vstest.console.dll, AssemblyResolver.OnResolve: Microsoft.VisualStudio.TestPlatform.Fakes: Searching in: 'C:\Program Files\dotnet\sdk\8.0.204\Extensions'.
TpTrace Information: 0 : 49512, 1, 2024/09/03, 16:14:42.951, 2356216214367, vstest.console.dll, AssemblyResolver.OnResolve: Microsoft.VisualStudio.TestPlatform.Fakes: Assembly path does not exist: 'C:\Program Files\dotnet\sdk\8.0.204\Extensions\Microsoft.VisualStudio.TestPlatform.Fakes.dll', returning.
TpTrace Information: 0 : 49512, 1, 2024/09/03, 16:14:42.951, 2356216214855, vstest.console.dll, AssemblyResolver.OnResolve: Microsoft.VisualStudio.TestPlatform.Fakes: Assembly path does not exist: 'C:\Program Files\dotnet\sdk\8.0.204\Extensions\Microsoft.VisualStudio.TestPlatform.Fakes.exe', returning.
TpTrace Information: 0 : 49512, 1, 2024/09/03, 16:14:42.951, 2356216215066, vstest.console.dll, AssemblyResolver.OnResolve: Microsoft.VisualStudio.TestPlatform.Fakes: Searching in: 'C:\Program Files\dotnet\sdk\8.0.204'.
TpTrace Information: 0 : 49512, 1, 2024/09/03, 16:14:42.951, 2356216215462, vstest.console.dll, AssemblyResolver.OnResolve: Microsoft.VisualStudio.TestPlatform.Fakes: Assembly path does not exist: 'C:\Program Files\dotnet\sdk\8.0.204\Microsoft.VisualStudio.TestPlatform.Fakes.dll', returning.
TpTrace Information: 0 : 49512, 1, 2024/09/03, 16:14:42.951, 2356216215877, vstest.console.dll, AssemblyResolver.OnResolve: Microsoft.VisualStudio.TestPlatform.Fakes: Assembly path does not exist: 'C:\Program Files\dotnet\sdk\8.0.204\Microsoft.VisualStudio.TestPlatform.Fakes.exe', returning.
TpTrace Information: 0 : 49512, 1, 2024/09/03, 16:14:42.951, 2356216216123, vstest.console.dll, AssemblyResolver.OnResolve: Microsoft.VisualStudio.TestPlatform.Fakes: Failed to load assembly.
TpTrace Information: 0 : 49512, 1, 2024/09/03, 16:14:42.952, 2356216217977, vstest.console.dll, Failed to load assembly Microsoft.VisualStudio.TestPlatform.Fakes, Version=17.0.0.0, Culture=neutral. Reason:System.IO.FileNotFoundException: Could not load file or assembly 'Microsoft.VisualStudio.TestPlatform.Fakes, Version=17.0.0.0, Culture=neutral, PublicKeyToken=null'. The system cannot find the file specified.
File name: 'Microsoft.VisualStudio.TestPlatform.Fakes, Version=17.0.0.0, Culture=neutral, PublicKeyToken=null'
   at System.Reflection.RuntimeAssembly.InternalLoad(AssemblyName assemblyName, StackCrawlMark& stackMark, AssemblyLoadContext assemblyLoadContext, RuntimeAssembly requestingAssembly, Boolean throwOnFileNotFound)
   at System.Reflection.Assembly.Load(AssemblyName assemblyRef)
   at Microsoft.VisualStudio.TestPlatform.Common.Utilities.FakesUtilities.LoadTestPlatformAssembly() in /_/src/Microsoft.TestPlatform.Common/Utilities/FakesUtilities.cs:line 272
TpTrace Verbose: 0 : 49512, 1, 2024/09/03, 16:14:42.954, 2356216239509, vstest.console.dll, TestPluginCache.DiscoverTestExtensions: finding test extensions in assemblies ends with: TestLogger.dll TPluginInfo: Microsoft.VisualStudio.TestPlatform.Common.ExtensionFramework.Utilities.TestLoggerPluginInformation TExtension: Microsoft.VisualStudio.TestPlatform.ObjectModel.Client.ITestLogger
TpTrace Verbose: 0 : 49512, 1, 2024/09/03, 16:14:42.954, 2356216240230, vstest.console.dll, TestPluginCache.GetExtensionPaths: Filtered extension paths: 
TpTrace Verbose: 0 : 49512, 1, 2024/09/03, 16:14:42.954, 2356216240459, vstest.console.dll, TestPluginCache.GetExtensionPaths: Added default extension paths: C:\Program Files\dotnet\sdk\8.0.204\Extensions\Microsoft.Diagnostics.NETCore.Client.dll
C:\Program Files\dotnet\sdk\8.0.204\Extensions\Microsoft.TestPlatform.Extensions.BlameDataCollector.dll
C:\Program Files\dotnet\sdk\8.0.204\Extensions\Microsoft.TestPlatform.Extensions.EventLogCollector.dll
C:\Program Files\dotnet\sdk\8.0.204\Extensions\Microsoft.TestPlatform.TestHostRuntimeProvider.dll
C:\Program Files\dotnet\sdk\8.0.204\Extensions\Microsoft.VisualStudio.TestPlatform.Extensions.Html.TestLogger.dll
C:\Program Files\dotnet\sdk\8.0.204\Extensions\Microsoft.VisualStudio.TestPlatform.Extensions.Trx.TestLogger.dll
TpTrace Verbose: 0 : 49512, 1, 2024/09/03, 16:14:42.954, 2356216240641, vstest.console.dll, TestPluginCache.GetExtensionPaths: Added unfilterableExtensionPaths: 
TpTrace Information: 0 : 49512, 1, 2024/09/03, 16:14:42.954, 2356216241559, vstest.console.dll, AssemblyResolver.AddSearchDirectories: Adding more searchDirectories C:\Program Files\dotnet\sdk\8.0.204\Extensions,C:\Program Files\dotnet\sdk\8.0.204
TpTrace Verbose: 0 : 49512, 1, 2024/09/03, 16:14:42.954, 2356216241900, vstest.console.dll, TestPluginCache.DiscoverTestExtensions: Discovering the extensions using extension path.
TpTrace Verbose: 0 : 49512, 1, 2024/09/03, 16:14:42.954, 2356216242113, vstest.console.dll, TestPluginCache.GetExtensionPaths: Filtered extension paths: 
TpTrace Verbose: 0 : 49512, 1, 2024/09/03, 16:14:42.954, 2356216242337, vstest.console.dll, TestPluginCache.GetExtensionPaths: Added default extension paths: C:\Program Files\dotnet\sdk\8.0.204\Extensions\Microsoft.Diagnostics.NETCore.Client.dll
C:\Program Files\dotnet\sdk\8.0.204\Extensions\Microsoft.TestPlatform.Extensions.BlameDataCollector.dll
C:\Program Files\dotnet\sdk\8.0.204\Extensions\Microsoft.TestPlatform.Extensions.EventLogCollector.dll
C:\Program Files\dotnet\sdk\8.0.204\Extensions\Microsoft.TestPlatform.TestHostRuntimeProvider.dll
C:\Program Files\dotnet\sdk\8.0.204\Extensions\Microsoft.VisualStudio.TestPlatform.Extensions.Html.TestLogger.dll
C:\Program Files\dotnet\sdk\8.0.204\Extensions\Microsoft.VisualStudio.TestPlatform.Extensions.Trx.TestLogger.dll
TpTrace Verbose: 0 : 49512, 1, 2024/09/03, 16:14:42.954, 2356216242514, vstest.console.dll, TestPluginCache.GetExtensionPaths: Added unfilterableExtensionPaths: 
TpTrace Verbose: 0 : 49512, 1, 2024/09/03, 16:14:42.954, 2356216243208, vstest.console.dll, TestPluginCache.DiscoverTestExtensions: Discovering the extensions using allExtensionPaths: C:\Program Files\dotnet\sdk\8.0.204\Extensions\Microsoft.Diagnostics.NETCore.Client.dll
C:\Program Files\dotnet\sdk\8.0.204\Extensions\Microsoft.TestPlatform.Extensions.BlameDataCollector.dll
C:\Program Files\dotnet\sdk\8.0.204\Extensions\Microsoft.TestPlatform.Extensions.EventLogCollector.dll
C:\Program Files\dotnet\sdk\8.0.204\Extensions\Microsoft.TestPlatform.TestHostRuntimeProvider.dll
C:\Program Files\dotnet\sdk\8.0.204\Extensions\Microsoft.VisualStudio.TestPlatform.Extensions.Html.TestLogger.dll
C:\Program Files\dotnet\sdk\8.0.204\Extensions\Microsoft.VisualStudio.TestPlatform.Extensions.Trx.TestLogger.dll
TpTrace Information: 0 : 49512, 1, 2024/09/03, 16:14:42.954, 2356216243561, vstest.console.dll, AssemblyResolver.AddSearchDirectories: Adding more searchDirectories C:\Program Files\dotnet\sdk\8.0.204\Extensions,C:\Program Files\dotnet\sdk\8.0.204
TpTrace Information: 0 : 49512, 1, 2024/09/03, 16:14:42.954, 2356216243797, vstest.console.dll, AssemblyResolver.AddSearchDirectories: Adding more searchDirectories C:\Program Files\dotnet\sdk\8.0.204\Extensions,C:\Program Files\dotnet\sdk\8.0.204
TpTrace Information: 0 : 49512, 1, 2024/09/03, 16:14:42.954, 2356216243968, vstest.console.dll, AssemblyResolver.AddSearchDirectories: Adding more searchDirectories C:\Program Files\dotnet\sdk\8.0.204\Extensions,C:\Program Files\dotnet\sdk\8.0.204
TpTrace Information: 0 : 49512, 1, 2024/09/03, 16:14:42.954, 2356216244124, vstest.console.dll, AssemblyResolver.AddSearchDirectories: Adding more searchDirectories C:\Program Files\dotnet\sdk\8.0.204\Extensions,C:\Program Files\dotnet\sdk\8.0.204
TpTrace Information: 0 : 49512, 1, 2024/09/03, 16:14:42.954, 2356216244277, vstest.console.dll, AssemblyResolver.AddSearchDirectories: Adding more searchDirectories C:\Program Files\dotnet\sdk\8.0.204\Extensions,C:\Program Files\dotnet\sdk\8.0.204
TpTrace Information: 0 : 49512, 1, 2024/09/03, 16:14:42.954, 2356216244463, vstest.console.dll, AssemblyResolver.AddSearchDirectories: Adding more searchDirectories C:\Program Files\dotnet\sdk\8.0.204\Extensions,C:\Program Files\dotnet\sdk\8.0.204
TpTrace Verbose: 0 : 49512, 1, 2024/09/03, 16:14:42.954, 2356216245191, vstest.console.dll, MetadataReaderExtensionsHelper: Discovering extensions inside assembly 'Microsoft.Diagnostics.NETCore.Client, Version=0.2.9.2401, Culture=neutral, PublicKeyToken=31bf3856ad364e35' file path 'C:\Program Files\dotnet\sdk\8.0.204\Extensions\Microsoft.Diagnostics.NETCore.Client.dll'
TpTrace Information: 0 : 49512, 1, 2024/09/03, 16:14:42.955, 2356216253295, vstest.console.dll, AssemblyResolver.OnResolve: Microsoft.Bcl.AsyncInterfaces: Resolving assembly.
TpTrace Information: 0 : 49512, 1, 2024/09/03, 16:14:42.955, 2356216253684, vstest.console.dll, AssemblyResolver.OnResolve: Microsoft.Bcl.AsyncInterfaces: Resolved from cache.
TpTrace Verbose: 0 : 49512, 1, 2024/09/03, 16:14:42.955, 2356216253921, vstest.console.dll, CurrentDomainAssemblyResolve: Resolving assembly 'Microsoft.Bcl.AsyncInterfaces'.
TpTrace Information: 0 : 49512, 1, 2024/09/03, 16:14:42.955, 2356216254203, vstest.console.dll, AssemblyResolver.OnResolve: Microsoft.Bcl.AsyncInterfaces: Resolving assembly.
TpTrace Information: 0 : 49512, 1, 2024/09/03, 16:14:42.955, 2356216254375, vstest.console.dll, AssemblyResolver.OnResolve: Microsoft.Bcl.AsyncInterfaces: Resolved from cache.
TpTrace Verbose: 0 : 49512, 1, 2024/09/03, 16:14:42.955, 2356216254514, vstest.console.dll, CurrentDomainAssemblyResolve: Resolving assembly 'Microsoft.Bcl.AsyncInterfaces'.
TpTrace Verbose: 0 : 49512, 1, 2024/09/03, 16:14:42.955, 2356216254649, vstest.console.dll, CurrentDomainAssemblyResolve: Failed to resolve assembly 'Microsoft.Bcl.AsyncInterfaces'.
TpTrace Verbose: 0 : 49512, 1, 2024/09/03, 16:14:42.955, 2356216255605, vstest.console.dll, CurrentDomainAssemblyResolve: Failed to resolve assembly 'Microsoft.Bcl.AsyncInterfaces'.
TpTrace Warning: 0 : 49512, 1, 2024/09/03, 16:14:42.956, 2356216257825, vstest.console.dll, TestPluginDiscoverer: Failed to get types from assembly 'Microsoft.Diagnostics.NETCore.Client, Version=0.2.9.2401, Culture=neutral, PublicKeyToken=31bf3856ad364e35'. Error: System.Reflection.ReflectionTypeLoadException: Unable to load one or more of the requested types.
Could not load file or assembly 'Microsoft.Bcl.AsyncInterfaces, Version=6.0.0.0, Culture=neutral, PublicKeyToken=cc7b13ffcd2ddd51'. The system cannot find the file specified.
   at System.Reflection.RuntimeModule.GetTypes(RuntimeModule module)
   at System.Reflection.RuntimeModule.GetTypes()
   at Microsoft.VisualStudio.TestPlatform.Common.ExtensionFramework.TestPluginDiscoverer.GetTestExtensionsFromAssembly[TPluginInfo,TExtension](Assembly assembly, Dictionary`2 pluginInfos, String filePath) in /_/src/Microsoft.TestPlatform.Common/ExtensionFramework/TestPluginDiscoverer.cs:line 158
System.IO.FileNotFoundException: Could not load file or assembly 'Microsoft.Bcl.AsyncInterfaces, Version=6.0.0.0, Culture=neutral, PublicKeyToken=cc7b13ffcd2ddd51'. The system cannot find the file specified.
File name: 'Microsoft.Bcl.AsyncInterfaces, Version=6.0.0.0, Culture=neutral, PublicKeyToken=cc7b13ffcd2ddd51'
 ---> System.IO.FileNotFoundException: Could not load file or assembly 'Microsoft.Bcl.AsyncInterfaces, Culture=neutral, PublicKeyToken=null'. The system cannot find the file specified.
File name: 'Microsoft.Bcl.AsyncInterfaces, Culture=neutral, PublicKeyToken=null'
   at System.Reflection.RuntimeAssembly.InternalLoad(AssemblyName assemblyName, StackCrawlMark& stackMark, AssemblyLoadContext assemblyLoadContext, RuntimeAssembly requestingAssembly, Boolean throwOnFileNotFound)
   at System.Reflection.Assembly.Load(AssemblyName assemblyRef)
   at Microsoft.VisualStudio.TestPlatform.Common.ExtensionFramework.TestPluginCache.CurrentDomainAssemblyResolve(Object sender, AssemblyResolveEventArgs args) in /_/src/Microsoft.TestPlatform.Common/ExtensionFramework/TestPluginCache.cs:line 513
   at System.Runtime.Loader.AssemblyLoadContext.GetFirstResolvedAssemblyFromResolvingEvent(AssemblyName assemblyName)
   at System.Runtime.Loader.AssemblyLoadContext.ResolveUsingEvent(AssemblyName assemblyName)
   at System.Runtime.Loader.AssemblyLoadContext.ResolveUsingResolvingEvent(IntPtr gchManagedAssemblyLoadContext, AssemblyName assemblyName)
TpTrace Warning: 0 : 49512, 1, 2024/09/03, 16:14:42.956, 2356216258848, vstest.console.dll, LoaderExceptions: System.IO.FileNotFoundException: Could not load file or assembly 'Microsoft.Bcl.AsyncInterfaces, Version=6.0.0.0, Culture=neutral, PublicKeyToken=cc7b13ffcd2ddd51'. The system cannot find the file specified.
File name: 'Microsoft.Bcl.AsyncInterfaces, Version=6.0.0.0, Culture=neutral, PublicKeyToken=cc7b13ffcd2ddd51'
 ---> System.IO.FileNotFoundException: Could not load file or assembly 'Microsoft.Bcl.AsyncInterfaces, Culture=neutral, PublicKeyToken=null'. The system cannot find the file specified.
File name: 'Microsoft.Bcl.AsyncInterfaces, Culture=neutral, PublicKeyToken=null'
   at System.Reflection.RuntimeAssembly.InternalLoad(AssemblyName assemblyName, StackCrawlMark& stackMark, AssemblyLoadContext assemblyLoadContext, RuntimeAssembly requestingAssembly, Boolean throwOnFileNotFound)
   at System.Reflection.Assembly.Load(AssemblyName assemblyRef)
   at Microsoft.VisualStudio.TestPlatform.Common.ExtensionFramework.TestPluginCache.CurrentDomainAssemblyResolve(Object sender, AssemblyResolveEventArgs args) in /_/src/Microsoft.TestPlatform.Common/ExtensionFramework/TestPluginCache.cs:line 513
   at System.Runtime.Loader.AssemblyLoadContext.GetFirstResolvedAssemblyFromResolvingEvent(AssemblyName assemblyName)
   at System.Runtime.Loader.AssemblyLoadContext.ResolveUsingEvent(AssemblyName assemblyName)
   at System.Runtime.Loader.AssemblyLoadContext.ResolveUsingResolvingEvent(IntPtr gchManagedAssemblyLoadContext, AssemblyName assemblyName)
TpTrace Verbose: 0 : 49512, 1, 2024/09/03, 16:14:42.956, 2356216259329, vstest.console.dll, MetadataReaderExtensionsHelper: Discovering extensions inside assembly 'Microsoft.TestPlatform.Extensions.BlameDataCollector, Version=15.0.0.0, Culture=neutral, PublicKeyToken=b03f5f7f11d50a3a' file path 'C:\Program Files\dotnet\sdk\8.0.204\Extensions\Microsoft.TestPlatform.Extensions.BlameDataCollector.dll'
TpTrace Information: 0 : 49512, 1, 2024/09/03, 16:14:42.956, 2356216264274, vstest.console.dll, GetTestExtensionFromType: Register extension with identifier data 'logger://Microsoft/TestPlatform/Extensions/Blame/v1' and type 'Microsoft.TestPlatform.Extensions.BlameDataCollector.BlameLogger, Microsoft.TestPlatform.Extensions.BlameDataCollector, Version=15.0.0.0, Culture=neutral, PublicKeyToken=b03f5f7f11d50a3a' inside file 'C:\Program Files\dotnet\sdk\8.0.204\Extensions\Microsoft.TestPlatform.Extensions.BlameDataCollector.dll'
TpTrace Verbose: 0 : 49512, 1, 2024/09/03, 16:14:42.956, 2356216264777, vstest.console.dll, MetadataReaderExtensionsHelper: Discovering extensions inside assembly 'Microsoft.TestPlatform.Extensions.EventLogCollector, Version=15.0.0.0, Culture=neutral, PublicKeyToken=b03f5f7f11d50a3a' file path 'C:\Program Files\dotnet\sdk\8.0.204\Extensions\Microsoft.TestPlatform.Extensions.EventLogCollector.dll'
TpTrace Verbose: 0 : 49512, 1, 2024/09/03, 16:14:42.957, 2356216268363, vstest.console.dll, MetadataReaderExtensionsHelper: Discovering extensions inside assembly 'Microsoft.TestPlatform.TestHostRuntimeProvider, Version=15.0.0.0, Culture=neutral, PublicKeyToken=b03f5f7f11d50a3a' file path 'C:\Program Files\dotnet\sdk\8.0.204\Extensions\Microsoft.TestPlatform.TestHostRuntimeProvider.dll'
TpTrace Verbose: 0 : 49512, 1, 2024/09/03, 16:14:42.957, 2356216273819, vstest.console.dll, MetadataReaderExtensionsHelper: Discovering extensions inside assembly 'Microsoft.VisualStudio.TestPlatform.Extensions.Html.TestLogger, Version=15.0.0.0, Culture=neutral, PublicKeyToken=b03f5f7f11d50a3a' file path 'C:\Program Files\dotnet\sdk\8.0.204\Extensions\Microsoft.VisualStudio.TestPlatform.Extensions.Html.TestLogger.dll'
TpTrace Information: 0 : 49512, 1, 2024/09/03, 16:14:42.958, 2356216278879, vstest.console.dll, GetTestExtensionFromType: Register extension with identifier data 'logger://Microsoft/TestPlatform/HtmlLogger/v1' and type 'Microsoft.VisualStudio.TestPlatform.Extensions.HtmlLogger.HtmlLogger, Microsoft.VisualStudio.TestPlatform.Extensions.Html.TestLogger, Version=15.0.0.0, Culture=neutral, PublicKeyToken=b03f5f7f11d50a3a' inside file 'C:\Program Files\dotnet\sdk\8.0.204\Extensions\Microsoft.VisualStudio.TestPlatform.Extensions.Html.TestLogger.dll'
TpTrace Verbose: 0 : 49512, 1, 2024/09/03, 16:14:42.958, 2356216279336, vstest.console.dll, MetadataReaderExtensionsHelper: Discovering extensions inside assembly 'Microsoft.VisualStudio.TestPlatform.Extensions.Trx.TestLogger, Version=15.0.0.0, Culture=neutral, PublicKeyToken=b03f5f7f11d50a3a' file path 'C:\Program Files\dotnet\sdk\8.0.204\Extensions\Microsoft.VisualStudio.TestPlatform.Extensions.Trx.TestLogger.dll'
TpTrace Information: 0 : 49512, 1, 2024/09/03, 16:14:42.958, 2356216283553, vstest.console.dll, GetTestExtensionFromType: Register extension with identifier data 'logger://Microsoft/TestPlatform/TrxLogger/v1' and type 'Microsoft.VisualStudio.TestPlatform.Extensions.TrxLogger.TrxLogger, Microsoft.VisualStudio.TestPlatform.Extensions.Trx.TestLogger, Version=15.0.0.0, Culture=neutral, PublicKeyToken=b03f5f7f11d50a3a' inside file 'C:\Program Files\dotnet\sdk\8.0.204\Extensions\Microsoft.VisualStudio.TestPlatform.Extensions.Trx.TestLogger.dll'
TpTrace Verbose: 0 : 49512, 1, 2024/09/03, 16:14:42.958, 2356216284227, vstest.console.dll, TestPluginCache: Discovered the extensions using extension path ''.
TpTrace Verbose: 0 : 49512, 1, 2024/09/03, 16:14:42.958, 2356216284497, vstest.console.dll, TestPluginCache: Discoverers are ''.
TpTrace Verbose: 0 : 49512, 1, 2024/09/03, 16:14:42.958, 2356216284677, vstest.console.dll, TestPluginCache: Executors are ''.
TpTrace Verbose: 0 : 49512, 1, 2024/09/03, 16:14:42.958, 2356216284841, vstest.console.dll, TestPluginCache: Executors2 are ''.
TpTrace Verbose: 0 : 49512, 1, 2024/09/03, 16:14:42.958, 2356216285026, vstest.console.dll, TestPluginCache: Setting providers are ''.
TpTrace Verbose: 0 : 49512, 1, 2024/09/03, 16:14:42.958, 2356216285717, vstest.console.dll, TestPluginCache: Loggers are 'logger://Microsoft/TestPlatform/Extensions/Blame/v1,logger://Microsoft/TestPlatform/HtmlLogger/v1,logger://Microsoft/TestPlatform/TrxLogger/v1'.
TpTrace Verbose: 0 : 49512, 1, 2024/09/03, 16:14:42.958, 2356216286080, vstest.console.dll, TestPluginCache: TestHosts are 'HostProvider://DefaultTestHost,HostProvider://DotnetTestHost'.
TpTrace Verbose: 0 : 49512, 1, 2024/09/03, 16:14:42.958, 2356216286268, vstest.console.dll, TestPluginCache: DataCollectors are ''.
TpTrace Information: 0 : 49512, 1, 2024/09/03, 16:14:42.959, 2356216292253, vstest.console.dll, TestPluginManager.CreateTestExtension: Attempting to load test extension: Microsoft.TestPlatform.Extensions.BlameDataCollector.BlameLogger
TpTrace Verbose: 0 : 49512, 1, 2024/09/03, 16:14:42.965, 2356216348182, vstest.console.dll, TestEngine: Initializing Parallel Execution as MaxCpuCount is set to: 1
TpTrace Information: 0 : 49512, 1, 2024/09/03, 16:14:42.966, 2356216359828, vstest.console.dll, TestPluginManager.CreateTestExtension: Attempting to load test extension: Microsoft.VisualStudio.TestPlatform.CrossPlatEngine.Hosting.DefaultTestHostManager
TpTrace Information: 0 : 49512, 1, 2024/09/03, 16:14:42.966, 2356216365825, vstest.console.dll, TestPluginManager.CreateTestExtension: Attempting to load test extension: Microsoft.VisualStudio.TestPlatform.CrossPlatEngine.Hosting.DotnetTestHostManager
TpTrace Information: 0 : 49512, 1, 2024/09/03, 16:14:42.967, 2356216369798, vstest.console.dll, InferRunSettingsHelper.IsTestSettingsEnabled: Unable to navigate to RunSettings/MSTest. Current node: RunSettings
TpTrace Verbose: 0 : 49512, 1, 2024/09/03, 16:14:42.967, 2356216373834, vstest.console.dll, ParallelOperationManager.ClearSlots: Clearing all slots. Slots should accept more work: True
TpTrace Verbose: 0 : 49512, 1, 2024/09/03, 16:14:42.968, 2356216378223, vstest.console.dll, ParallelOperationManager.SetOccupiedSlotCount: Setting slot counts AvailableSlotCount = 1, OccupiedSlotCount = 0.
TpTrace Verbose: 0 : 49512, 1, 2024/09/03, 16:14:42.968, 2356216380373, vstest.console.dll, Occupied slots:

TpTrace Verbose: 0 : 49512, 1, 2024/09/03, 16:14:42.970, 2356216402201, vstest.console.dll, TestEngine.GetExecutionManager: Chosen execution manager 'Microsoft.VisualStudio.TestPlatform.CrossPlatEngine.Client.Parallel.ParallelProxyExecutionManager, Microsoft.TestPlatform.CrossPlatEngine, Version=15.0.0.0, Culture=neutral, PublicKeyToken=b03f5f7f11d50a3a' ParallelLevel '1'.
TpTrace Verbose: 0 : 49512, 1, 2024/09/03, 16:14:42.970, 2356216403296, vstest.console.dll, TestRunRequest.ExecuteAsync: Creating test run request.
TpTrace Verbose: 0 : 49512, 1, 2024/09/03, 16:14:42.970, 2356216404884, vstest.console.dll, TestRunRequest.ExecuteAsync: Starting.
TpTrace Information: 0 : 49512, 1, 2024/09/03, 16:14:42.971, 2356216412845, vstest.console.dll, TestRunRequest.ExecuteAsync: Starting run with settings:TestRunCriteria:
   KeepAlive=False,FrequencyOfRunStatsChangeEvent=10,RunStatsChangeEventTimeout=00:00:01.5000000,TestCaseFilter=,TestExecutorLauncher=
   Settingsxml=<RunSettings>
  <RunConfiguration>
    <ResultsDirectory>H:\Code\Study\sympli-project-tracking\Sympli.Project.Tracking\Sympli.Project.Tracking.Tests\bin\Debug\net8.0\fine-code-coverage\coverage-tool-output</ResultsDirectory>
    <TargetPlatform>X64</TargetPlatform>
    <TargetFrameworkVersion>.NETCoreApp,Version=v8.0</TargetFrameworkVersion>
    <DesignMode>False</DesignMode>
    <CollectSourceInformation>False</CollectSourceInformation>
  </RunConfiguration>
  <LoggerRunSettings>
    <Loggers>
      <Logger friendlyName="blame" enabled="True" />
      <Logger friendlyName="Console" uri="logger://microsoft/TestPlatform/ConsoleLogger/v1" assemblyQualifiedName="Microsoft.VisualStudio.TestPlatform.CommandLine.Internal.ConsoleLogger, vstest.console, Version=15.0.0.0, Culture=neutral, PublicKeyToken=b03f5f7f11d50a3a" codeBase="C:\Program Files\dotnet\sdk\8.0.204\vstest.console.dll" enabled="True" />
    </Loggers>
  </LoggerRunSettings>
  <DataCollectionRunSettings>
    <DataCollectors>
      <DataCollector friendlyName="blame" enabled="True">
        <Configuration>
          <ResultsDirectory>H:\Code\Study\sympli-project-tracking\Sympli.Project.Tracking\Sympli.Project.Tracking.Tests\bin\Debug\net8.0\fine-code-coverage\coverage-tool-output</ResultsDirectory>
        </Configuration>
      </DataCollector>
    </DataCollectors>
  </DataCollectionRunSettings>
</RunSettings>

TpTrace Verbose: 0 : 49512, 1, 2024/09/03, 16:14:42.971, 2356216413273, vstest.console.dll, TestRunRequest.ExecuteAsync: Wait for the first run request is over.
TpTrace Verbose: 0 : 49512, 1, 2024/09/03, 16:14:42.971, 2356216415479, vstest.console.dll, MulticastDelegateUtilities.SafeInvoke: TestRun.TestRunStart: Invoking callbacks was skipped because there are no subscribers.
TpTrace Verbose: 0 : 49512, 4, 2024/09/03, 16:14:42.971, 2356216416769, vstest.console.dll, MulticastDelegateUtilities.SafeInvoke: InternalTestLoggerEvents.SendTestRunStart: Invoking callback 1/1 for Microsoft.VisualStudio.TestPlatform.CommandLine.Internal.ConsoleLogger., took 0 ms.
TpTrace Verbose: 0 : 49512, 1, 2024/09/03, 16:14:42.972, 2356216422004, vstest.console.dll, ParallelProxyExecutionManager: Start execution. Total sources: 1
TpTrace Verbose: 0 : 49512, 1, 2024/09/03, 16:14:42.972, 2356216424596, vstest.console.dll, ParallelOperationManager.StartWork: Starting adding 1 workloads.
TpTrace Verbose: 0 : 49512, 1, 2024/09/03, 16:14:42.972, 2356216425075, vstest.console.dll, ParallelOperationManager.ClearSlots: Clearing all slots. Slots should accept more work: True
TpTrace Verbose: 0 : 49512, 1, 2024/09/03, 16:14:42.972, 2356216425534, vstest.console.dll, ParallelOperationManager.SetOccupiedSlotCount: Setting slot counts AvailableSlotCount = 1, OccupiedSlotCount = 0.
TpTrace Verbose: 0 : 49512, 1, 2024/09/03, 16:14:42.972, 2356216425782, vstest.console.dll, Occupied slots:

TpTrace Verbose: 0 : 49512, 1, 2024/09/03, 16:14:42.973, 2356216434830, vstest.console.dll, TestRequestSender is acting as server.
TpTrace Verbose: 0 : 49512, 1, 2024/09/03, 16:14:42.974, 2356216442363, vstest.console.dll, ParallelOperationManager.RunWorkInParallel: Adding 1 workload to slot, remaining workloads 0.
TpTrace Verbose: 0 : 49512, 1, 2024/09/03, 16:14:42.974, 2356216442769, vstest.console.dll, ParallelOperationManager.SetOccupiedSlotCount: Setting slot counts AvailableSlotCount = 0, OccupiedSlotCount = 1.
TpTrace Verbose: 0 : 49512, 1, 2024/09/03, 16:14:42.974, 2356216443602, vstest.console.dll, Occupied slots:
0: H:\Code\Study\sympli-project-tracking\Sympli.Project.Tracking\Sympli.Project.Tracking.Tests\bin\Debug\net8.0\fine-code-coverage\build-output\Sympli.Project.Tracking.Tests.dll
TpTrace Verbose: 0 : 49512, 1, 2024/09/03, 16:14:42.975, 2356216451175, vstest.console.dll, ParallelOperationManager.RunWorkInParallel: Started host in slot number 0 for work (source): H:\Code\Study\sympli-project-tracking\Sympli.Project.Tracking\Sympli.Project.Tracking.Tests\bin\Debug\net8.0\fine-code-coverage\build-output\Sympli.Project.Tracking.Tests.dll.
TpTrace Verbose: 0 : 49512, 1, 2024/09/03, 16:14:42.976, 2356216457234, vstest.console.dll, ParallelOperationManager.RunWorkInParallel: We started 1 work items, which is the max parallel level. Won't start more work.
TpTrace Verbose: 0 : 49512, 1, 2024/09/03, 16:14:42.976, 2356216457608, vstest.console.dll, ParallelOperationManager.RunWorkInParallel: We started 1 work items in here, returning True.
TpTrace Information: 0 : 49512, 1, 2024/09/03, 16:14:42.976, 2356216457919, vstest.console.dll, TestRunRequest.ExecuteAsync: Started.
TpTrace Verbose: 0 : 49512, 5, 2024/09/03, 16:14:42.976, 2356216458876, vstest.console.dll, ParallelProxyExecutionManager.StartTestRunOnConcurrentManager: Initializing uninitialized client. Started clients: 0
TpTrace Verbose: 0 : 49512, 5, 2024/09/03, 16:14:42.976, 2356216459938, vstest.console.dll, DataCollectionRequestSender.InitializeCommunication : Initialize communication. 
TpTrace Verbose: 0 : 49512, 1, 2024/09/03, 16:14:42.976, 2356216462050, vstest.console.dll, TestRunRequest.WaitForCompletion: Waiting with timeout -1.
TpTrace Information: 0 : 49512, 5, 2024/09/03, 16:14:42.981, 2356216510328, vstest.console.dll, Listening on Endpoint : 127.0.0.1:56581
TpTrace Verbose: 0 : 49512, 5, 2024/09/03, 16:14:42.985, 2356216550426, vstest.console.dll, DotnetDataCollectionLauncher: Adding  --runtimeconfig "C:\Program Files\dotnet\sdk\8.0.204\datacollector.runtimeconfig.json" in args
TpTrace Verbose: 0 : 49512, 5, 2024/09/03, 16:14:42.985, 2356216551378, vstest.console.dll, DotnetDataCollectionLauncher: Adding  --depsfile "C:\Program Files\dotnet\sdk\8.0.204\datacollector.deps.json" in args
TpTrace Verbose: 0 : 49512, 5, 2024/09/03, 16:14:42.985, 2356216552787, vstest.console.dll, DotnetDataCollectionLauncher: Full path of dotnet.exe is C:\Program Files\dotnet\dotnet.exe
TpTrace Information: 0 : 49512, 5, 2024/09/03, 16:14:42.991, 2356216607626, vstest.console.dll, ProxyDataCollectionManager.Initialize: Launched datacollector processId: 14900 port: 56581
TpTrace Information: 0 : 49512, 5, 2024/09/03, 16:14:42.991, 2356216608742, vstest.console.dll, ProxyDataCollectionManager.Initialize: waiting for connection with timeout: 90 seconds
TpTrace Verbose: 0 : 49512, 5, 2024/09/03, 16:14:42.991, 2356216609077, vstest.console.dll, DataCollectionRequestSender.WaitForRequestHandlerConnection : Waiting for connection with timeout: 90000
TpTrace Information: 0 : 49512, 7, 2024/09/03, 16:14:43.093, 2356217633180, vstest.console.dll, Using the buffer size of 16384 bytes
TpTrace Verbose: 0 : 49512, 5, 2024/09/03, 16:14:43.093, 2356217633274, vstest.console.dll, SocketCommunicationManager.WaitForClientConnection took: 102 ms, with 90000 ms timeout, and finished with True.
TpTrace Information: 0 : 49512, 7, 2024/09/03, 16:14:43.093, 2356217634087, vstest.console.dll, Accepted Client request and set the flag
TpTrace Verbose: 0 : 49512, 5, 2024/09/03, 16:14:43.093, 2356217634954, vstest.console.dll, ProxyDataCollectionManager.InvokeDataCollectionServiceAction: Starting.
TpTrace Information: 0 : 49512, 5, 2024/09/03, 16:14:43.093, 2356217635477, vstest.console.dll, ProxyDataCollectionManager.BeforeTestRunStart: Get environment variable and port for datacollector processId: 14900 port: 56581
TpTrace Verbose: 0 : 49512, 5, 2024/09/03, 16:14:43.093, 2356217636238, vstest.console.dll, DataCollectionRequestSender.SendBeforeTestRunStartAndGetResult: Send BeforeTestRunStart message with settingsXml <RunSettings><RunConfiguration><ResultsDirectory>H:\Code\Study\sympli-project-tracking\Sympli.Project.Tracking\Sympli.Project.Tracking.Tests\bin\Debug\net8.0\fine-code-coverage\coverage-tool-output</ResultsDirectory><TargetPlatform>X64</TargetPlatform><TargetFrameworkVersion>.NETCoreApp,Version=v8.0</TargetFrameworkVersion><DesignMode>False</DesignMode><CollectSourceInformation>False</CollectSourceInformation><TestAdaptersPaths>C:\Program Files\dotnet\sdk\8.0.204\Extensions</TestAdaptersPaths></RunConfiguration><LoggerRunSettings><Loggers><Logger friendlyName="blame" enabled="True" /><Logger friendlyName="Console" uri="logger://microsoft/TestPlatform/ConsoleLogger/v1" assemblyQualifiedName="Microsoft.VisualStudio.TestPlatform.CommandLine.Internal.ConsoleLogger, vstest.console, Version=15.0.0.0, Culture=neutral, PublicKeyToken=b03f5f7f11d50a3a" codeBase="C:\Program Files\dotnet\sdk\8.0.204\vstest.console.dll" enabled="True" /></Loggers></LoggerRunSettings><DataCollectionRunSettings><DataCollectors><DataCollector friendlyName="blame" enabled="True"><Configuration><ResultsDirectory>H:\Code\Study\sympli-project-tracking\Sympli.Project.Tracking\Sympli.Project.Tracking.Tests\bin\Debug\net8.0\fine-code-coverage\coverage-tool-output</ResultsDirectory></Configuration></DataCollector></DataCollectors></DataCollectionRunSettings></RunSettings> and sources System.Collections.Generic.List`1[System.String]: 
TpTrace Verbose: 0 : 49512, 5, 2024/09/03, 16:14:43.130, 2356218005188, vstest.console.dll, DataCollectionRequestSender.SendBeforeTestRunStartAndGetResult: Received message: (DataCollection.SendMessage) -> {"MessageType":"DataCollection.SendMessage","Payload":{"FriendlyName":null,"Uri":null,"TestCaseId":"00000000-0000-0000-0000-000000000000","Message":"Logging DataCollector Diagnostics in file: H:\\Code\\Study\\sympli-project-tracking\\Sympli.Project.Tracking\\Sympli.Project.Tracking.Tests\\bin\\Debug\\net8.0\\fine-code-coverage\\coverage-tool-output\\diagnostics.datacollector.24-09-03_16-14-42_98514_5.log","Level":0}}
TpTrace Verbose: 0 : 49512, 5, 2024/09/03, 16:14:43.188, 2356218583080, vstest.console.dll, DataCollectionRequestSender.SendBeforeTestRunStartAndGetResult: Received message: (DataCollection.BeforeTestRunStartResult) -> {"MessageType":"DataCollection.BeforeTestRunStartResult","Payload":{"EnvironmentVariables":{},"DataCollectionEventsPort":56584}}
TpTrace Information: 0 : 49512, 5, 2024/09/03, 16:14:43.191, 2356218612850, vstest.console.dll, ProxyDataCollectionManager.BeforeTestRunStart: SendBeforeTestRunStartAndGetResult successful, env variable from datacollector:   and testhost port: 56584
TpTrace Information: 0 : 49512, 5, 2024/09/03, 16:14:43.191, 2356218613593, vstest.console.dll, ProxyDataCollectionManager.InvokeDataCollectionServiceAction: Completed.
TpTrace Verbose: 0 : 49512, 5, 2024/09/03, 16:14:43.191, 2356218613830, vstest.console.dll, ParallelProxyExecutionManager.StartTestRunOnConcurrentManager: Initializing test run. Started clients: 0
TpTrace Verbose: 0 : 49512, 5, 2024/09/03, 16:14:43.191, 2356218614408, vstest.console.dll, ProxyExecutionManager: Test host is always Lazy initialize.
TpTrace Verbose: 0 : 49512, 5, 2024/09/03, 16:14:43.191, 2356218615900, vstest.console.dll, TestRequestSender.InitializeCommunication: initialize communication. 
TpTrace Information: 0 : 49512, 5, 2024/09/03, 16:14:43.192, 2356218620189, vstest.console.dll, SocketServer.Start: Listening on endpoint : 127.0.0.1:56586
TpTrace Verbose: 0 : 49512, 5, 2024/09/03, 16:14:43.192, 2356218625617, vstest.console.dll, DotnetTestHostmanager.GetTestHostProcessStartInfo: Platform environment 'X64' target architecture 'X64' framework '.NETCoreApp,Version=v8.0' OS 'Windows'
TpTrace Verbose: 0 : 49512, 5, 2024/09/03, 16:14:43.192, 2356218626763, vstest.console.dll, DotnetTestHostmanager: Adding  --runtimeconfig "H:\Code\Study\sympli-project-tracking\Sympli.Project.Tracking\Sympli.Project.Tracking.Tests\bin\Debug\net8.0\fine-code-coverage\build-output\Sympli.Project.Tracking.Tests.runtimeconfig.json" in args
TpTrace Verbose: 0 : 49512, 5, 2024/09/03, 16:14:43.193, 2356218627106, vstest.console.dll, DotnetTestHostmanager: Adding  --depsfile "H:\Code\Study\sympli-project-tracking\Sympli.Project.Tracking\Sympli.Project.Tracking.Tests\bin\Debug\net8.0\fine-code-coverage\build-output\Sympli.Project.Tracking.Tests.deps.json" in args
TpTrace Verbose: 0 : 49512, 5, 2024/09/03, 16:14:43.193, 2356218628987, vstest.console.dll, DotnetTestHostmanager.IsWinOnArm: Current PROCESSOR_ARCHITECTURE from environment variable 'AMD64'
TpTrace Verbose: 0 : 49512, 5, 2024/09/03, 16:14:43.193, 2356218629424, vstest.console.dll, DotnetTestHostmanager.IsWinOnArm: Is Windows on ARM 'False'
TpTrace Verbose: 0 : 49512, 5, 2024/09/03, 16:14:43.193, 2356218629750, vstest.console.dll, DotnetTestHostManager: testhost.exe found at path: H:\Code\Study\sympli-project-tracking\Sympli.Project.Tracking\Sympli.Project.Tracking.Tests\bin\Debug\net8.0\fine-code-coverage\build-output\testhost.exe
TpTrace Verbose: 0 : 49512, 5, 2024/09/03, 16:14:43.193, 2356218629980, vstest.console.dll, DotnetTestHostmanager: Full path of host exe is H:\Code\Study\sympli-project-tracking\Sympli.Project.Tracking\Sympli.Project.Tracking.Tests\bin\Debug\net8.0\fine-code-coverage\build-output\testhost.exe
TpTrace Verbose: 0 : 49512, 5, 2024/09/03, 16:14:43.193, 2356218630865, vstest.console.dll, DotnetTestHostmanager.LaunchTestHostAsync: Found 'VSTEST_WINAPPHOST_DOTNET_ROOT' in env variables, value 'C:\Program Files\dotnet', forwarding to 'DOTNET_ROOT'
TpTrace Verbose: 0 : 49512, 5, 2024/09/03, 16:14:43.193, 2356218631907, vstest.console.dll, DotnetTestHostManager: Starting process 'H:\Code\Study\sympli-project-tracking\Sympli.Project.Tracking\Sympli.Project.Tracking.Tests\bin\Debug\net8.0\fine-code-coverage\build-output\testhost.exe' with command line ' --runtimeconfig "H:\Code\Study\sympli-project-tracking\Sympli.Project.Tracking\Sympli.Project.Tracking.Tests\bin\Debug\net8.0\fine-code-coverage\build-output\Sympli.Project.Tracking.Tests.runtimeconfig.json" --depsfile "H:\Code\Study\sympli-project-tracking\Sympli.Project.Tracking\Sympli.Project.Tracking.Tests\bin\Debug\net8.0\fine-code-coverage\build-output\Sympli.Project.Tracking.Tests.deps.json" --port 56586 --endpoint 127.0.0.1:056586 --role client --parentprocessid 49512 --diag "H:\Code\Study\sympli-project-tracking\Sympli.Project.Tracking\Sympli.Project.Tracking.Tests\bin\Debug\net8.0\fine-code-coverage\coverage-tool-output\diagnostics.host.24-09-03_16-14-43_19259_5.log" --tracelevel 4 --datacollectionport 56584 --telemetryoptedin false'
TpTrace Verbose: 0 : 49512, 5, 2024/09/03, 16:14:43.199, 2356218693593, vstest.console.dll, MulticastDelegateUtilities.SafeInvoke: HostProviderEvents.OnHostLaunched: Invoking callback 1/2 for Microsoft.VisualStudio.TestPlatform.CrossPlatEngine.Client.ProxyExecutionManagerWithDataCollection., took 0 ms.
TpTrace Verbose: 0 : 49512, 5, 2024/09/03, 16:14:43.199, 2356218695489, vstest.console.dll, Test Runtime launched
TpTrace Verbose: 0 : 49512, 5, 2024/09/03, 16:14:43.199, 2356218695947, vstest.console.dll, MulticastDelegateUtilities.SafeInvoke: HostProviderEvents.OnHostLaunched: Invoking callback 2/2 for Microsoft.VisualStudio.TestPlatform.CrossPlatEngine.Client.ProxyOperationManager., took 0 ms.
TpTrace Verbose: 0 : 49512, 5, 2024/09/03, 16:14:43.199, 2356218696776, vstest.console.dll, TestRequestSender.WaitForRequestHandlerConnection: waiting for connection with timeout: 90000.
TpTrace Verbose: 0 : 49512, 7, 2024/09/03, 16:14:43.310, 2356219803565, vstest.console.dll, MulticastDelegateUtilities.SafeInvoke: SocketServer: ClientConnected: Invoking callback 1/1 for Microsoft.VisualStudio.TestPlatform.CommunicationUtilities.TestRequestSender., took 0 ms.
TpTrace Verbose: 0 : 49512, 5, 2024/09/03, 16:14:43.310, 2356219803565, vstest.console.dll, TestRequestSender.WaitForRequestHandlerConnection: waiting took 110 ms, with timeout 90000 ms, and result 0, which is success.
TpTrace Verbose: 0 : 49512, 7, 2024/09/03, 16:14:43.310, 2356219804548, vstest.console.dll, SocketServer.OnClientConnected: Client connected for endPoint: 127.0.0.1:56586, starting MessageLoopAsync:
TpTrace Verbose: 0 : 49512, 14, 2024/09/03, 16:14:43.311, 2356219808897, vstest.console.dll, TcpClientExtensions.MessageLoopAsync: Polling on remoteEndPoint: 127.0.0.1:56587 localEndPoint: 127.0.0.1:56586 after 0 ms
TpTrace Verbose: 0 : 49512, 5, 2024/09/03, 16:14:43.311, 2356219811776, vstest.console.dll, TestRequestSender.CheckVersionWithTestHost: Sending check version message: {"MessageType":"ProtocolVersion","Payload":7}
TpTrace Verbose: 0 : 49512, 14, 2024/09/03, 16:14:43.381, 2356220513693, vstest.console.dll, TcpClientExtensions.MessageLoopAsync: NotifyDataAvailable remoteEndPoint: 127.0.0.1:56587 localEndPoint: 127.0.0.1:56586
TpTrace Verbose: 0 : 49512, 14, 2024/09/03, 16:14:43.381, 2356220515611, vstest.console.dll, TestRequestSender.CheckVersionWithTestHost: onMessageReceived received message: (ProtocolVersion) -> {"MessageType":"ProtocolVersion","Payload":7}
TpTrace Verbose: 0 : 49512, 14, 2024/09/03, 16:14:43.382, 2356220519897, vstest.console.dll, MulticastDelegateUtilities.SafeInvoke: LengthPrefixCommunicationChannel: MessageReceived: Invoking callback 1/1 for Microsoft.VisualStudio.TestPlatform.CommunicationUtilities.TestRequestSender+<>c__DisplayClass29_0., took 0 ms.
TpTrace Verbose: 0 : 49512, 14, 2024/09/03, 16:14:43.382, 2356220520513, vstest.console.dll, TcpClientExtensions.MessageLoopAsync: Polling on remoteEndPoint: 127.0.0.1:56587 localEndPoint: 127.0.0.1:56586 after 71 ms
TpTrace Verbose: 0 : 49512, 5, 2024/09/03, 16:14:43.382, 2356220520706, vstest.console.dll, TestPluginCache.GetExtensionPaths: Filtered extension paths: 
TpTrace Verbose: 0 : 49512, 5, 2024/09/03, 16:14:43.382, 2356220522032, vstest.console.dll, TestPluginCache.GetExtensionPaths: Added default extension paths: C:\Program Files\dotnet\sdk\8.0.204\Extensions\Microsoft.Diagnostics.NETCore.Client.dll
C:\Program Files\dotnet\sdk\8.0.204\Extensions\Microsoft.TestPlatform.Extensions.BlameDataCollector.dll
C:\Program Files\dotnet\sdk\8.0.204\Extensions\Microsoft.TestPlatform.Extensions.EventLogCollector.dll
C:\Program Files\dotnet\sdk\8.0.204\Extensions\Microsoft.TestPlatform.TestHostRuntimeProvider.dll
C:\Program Files\dotnet\sdk\8.0.204\Extensions\Microsoft.VisualStudio.TestPlatform.Extensions.Html.TestLogger.dll
C:\Program Files\dotnet\sdk\8.0.204\Extensions\Microsoft.VisualStudio.TestPlatform.Extensions.Trx.TestLogger.dll
TpTrace Verbose: 0 : 49512, 5, 2024/09/03, 16:14:43.382, 2356220522343, vstest.console.dll, TestPluginCache.GetExtensionPaths: Added unfilterableExtensionPaths: 
TpTrace Verbose: 0 : 49512, 5, 2024/09/03, 16:14:43.384, 2356220541281, vstest.console.dll, TestRequestSender.InitializeExecution: Sending initialize execution with message: {"Version":7,"MessageType":"TestExecution.Initialize","Payload":["H:\\Code\\Study\\sympli-project-tracking\\Sympli.Project.Tracking\\Sympli.Project.Tracking.Tests\\bin\\Debug\\net8.0\\fine-code-coverage\\build-output\\xunit.runner.visualstudio.dotnetcore.testadapter.dll"]}
TpTrace Verbose: 0 : 49512, 5, 2024/09/03, 16:14:43.384, 2356220542263, vstest.console.dll, ParallelProxyExecutionManager.StartTestRunOnConcurrentManager: Execution starting. Started clients: 1
TpTrace Verbose: 0 : 49512, 5, 2024/09/03, 16:14:43.384, 2356220543816, vstest.console.dll, TestRunRequest:SendTestRunMessage: Starting.
TpTrace Verbose: 0 : 49512, 5, 2024/09/03, 16:14:43.384, 2356220544852, vstest.console.dll, MulticastDelegateUtilities.SafeInvoke: TestRun.LogMessages: Invoking callback 1/1 for Microsoft.VisualStudio.TestPlatform.CommandLine.TestRunResultAggregator., took 0 ms.
TpTrace Information: 0 : 49512, 5, 2024/09/03, 16:14:43.384, 2356220545098, vstest.console.dll, TestRunRequest:SendTestRunMessage: Completed.
TpTrace Verbose: 0 : 49512, 4, 2024/09/03, 16:14:43.384, 2356220546305, vstest.console.dll, MulticastDelegateUtilities.SafeInvoke: InternalTestLoggerEvents.SendTestRunMessage: Invoking callback 1/1 for Microsoft.VisualStudio.TestPlatform.CommandLine.Internal.ConsoleLogger., took 0 ms.
TpTrace Warning: 0 : 49512, 5, 2024/09/03, 16:14:43.385, 2356220547982, vstest.console.dll, InferRunSettingsHelper.MakeRunsettingsCompatible: Removing the following settings: TargetPlatform from RunSettings file. To use those settings please move to latest version of Microsoft.NET.Test.Sdk
TpTrace Verbose: 0 : 49512, 14, 2024/09/03, 16:14:43.385, 2356220548645, vstest.console.dll, TcpClientExtensions.MessageLoopAsync: NotifyDataAvailable remoteEndPoint: 127.0.0.1:56587 localEndPoint: 127.0.0.1:56586
TpTrace Verbose: 0 : 49512, 14, 2024/09/03, 16:14:43.385, 2356220552914, vstest.console.dll, TestRequestSender.OnExecutionMessageReceived: Received message: {"Version":7,"MessageType":"TestSession.Message","Payload":{"MessageLevel":0,"Message":"Logging TestHost Diagnostics in file: H:\\Code\\Study\\sympli-project-tracking\\Sympli.Project.Tracking\\Sympli.Project.Tracking.Tests\\bin\\Debug\\net8.0\\fine-code-coverage\\coverage-tool-output\\diagnostics.host.24-09-03_16-14-43_19259_5.log"}}
TpTrace Verbose: 0 : 49512, 14, 2024/09/03, 16:14:43.387, 2356220568796, vstest.console.dll, TestRunRequest:SendTestRunMessage: Starting.
TpTrace Verbose: 0 : 49512, 14, 2024/09/03, 16:14:43.387, 2356220569486, vstest.console.dll, MulticastDelegateUtilities.SafeInvoke: TestRun.LogMessages: Invoking callback 1/1 for Microsoft.VisualStudio.TestPlatform.CommandLine.TestRunResultAggregator., took 0 ms.
TpTrace Verbose: 0 : 49512, 4, 2024/09/03, 16:14:43.387, 2356220569644, vstest.console.dll, MulticastDelegateUtilities.SafeInvoke: InternalTestLoggerEvents.SendTestRunMessage: Invoking callback 1/1 for Microsoft.VisualStudio.TestPlatform.CommandLine.Internal.ConsoleLogger., took 0 ms.
TpTrace Information: 0 : 49512, 14, 2024/09/03, 16:14:43.387, 2356220569732, vstest.console.dll, TestRunRequest:SendTestRunMessage: Completed.
TpTrace Verbose: 0 : 49512, 14, 2024/09/03, 16:14:43.387, 2356220570413, vstest.console.dll, MulticastDelegateUtilities.SafeInvoke: LengthPrefixCommunicationChannel: MessageReceived: Invoking callback 1/1 for Microsoft.VisualStudio.TestPlatform.CommunicationUtilities.TestRequestSender+<>c__DisplayClass34_0., took 1 ms.
TpTrace Verbose: 0 : 49512, 14, 2024/09/03, 16:14:43.387, 2356220570627, vstest.console.dll, TcpClientExtensions.MessageLoopAsync: Polling on remoteEndPoint: 127.0.0.1:56587 localEndPoint: 127.0.0.1:56586 after 4 ms
TpTrace Verbose: 0 : 49512, 5, 2024/09/03, 16:14:43.388, 2356220585166, vstest.console.dll, TestRequestSender.StartTestRun: Sending test run with message: {"Version":7,"MessageType":"TestExecution.StartWithSources","Payload":{"AdapterSourceMap":{"_none_":["H:\\Code\\Study\\sympli-project-tracking\\Sympli.Project.Tracking\\Sympli.Project.Tracking.Tests\\bin\\Debug\\net8.0\\fine-code-coverage\\build-output\\Sympli.Project.Tracking.Tests.dll"]},"RunSettings":"<RunSettings>\r\n  <RunConfiguration>\r\n    <ResultsDirectory>H:\\Code\\Study\\sympli-project-tracking\\Sympli.Project.Tracking\\Sympli.Project.Tracking.Tests\\bin\\Debug\\net8.0\\fine-code-coverage\\coverage-tool-output</ResultsDirectory>\r\n    <TargetFrameworkVersion>.NETCoreApp,Version=v8.0</TargetFrameworkVersion>\r\n    <DesignMode>False</DesignMode>\r\n    <CollectSourceInformation>False</CollectSourceInformation>\r\n  </RunConfiguration>\r\n  <LoggerRunSettings>\r\n    <Loggers>\r\n      <Logger friendlyName=\"blame\" enabled=\"True\" />\r\n      <Logger friendlyName=\"Console\" uri=\"logger://microsoft/TestPlatform/ConsoleLogger/v1\" assemblyQualifiedName=\"Microsoft.VisualStudio.TestPlatform.CommandLine.Internal.ConsoleLogger, vstest.console, Version=15.0.0.0, Culture=neutral, PublicKeyToken=b03f5f7f11d50a3a\" codeBase=\"C:\\Program Files\\dotnet\\sdk\\8.0.204\\vstest.console.dll\" enabled=\"True\" />\r\n    </Loggers>\r\n  </LoggerRunSettings>\r\n  <DataCollectionRunSettings>\r\n    <DataCollectors>\r\n      <DataCollector friendlyName=\"blame\" enabled=\"True\">\r\n        <Configuration>\r\n          <ResultsDirectory>H:\\Code\\Study\\sympli-project-tracking\\Sympli.Project.Tracking\\Sympli.Project.Tracking.Tests\\bin\\Debug\\net8.0\\fine-code-coverage\\coverage-tool-output</ResultsDirectory>\r\n        </Configuration>\r\n      </DataCollector>\r\n    </DataCollectors>\r\n  </DataCollectionRunSettings>\r\n</RunSettings>","TestExecutionContext":{"FrequencyOfRunStatsChangeEvent":10,"RunStatsChangeEventTimeout":"00:00:01.5000000","InIsolation":false,"KeepAlive":false,"AreTestCaseLevelEventsRequired":false,"IsDebug":false,"TestCaseFilter":null,"FilterOptions":null},"Package":null}}
TpTrace Verbose: 0 : 49512, 5, 2024/09/03, 16:14:43.388, 2356220585993, vstest.console.dll, ParallelProxyExecutionManager.StartTestRunOnConcurrentManager: Execution started. Started clients: 1
TpTrace Verbose: 0 : 49512, 14, 2024/09/03, 16:14:43.475, 2356221450579, vstest.console.dll, TcpClientExtensions.MessageLoopAsync: NotifyDataAvailable remoteEndPoint: 127.0.0.1:56587 localEndPoint: 127.0.0.1:56586
TpTrace Verbose: 0 : 49512, 14, 2024/09/03, 16:14:43.475, 2356221451767, vstest.console.dll, TestRequestSender.OnExecutionMessageReceived: Received message: {"Version":7,"MessageType":"TestSession.Message","Payload":{"MessageLevel":0,"Message":"[xUnit.net 00:00:00.00] xUnit.net VSTest Adapter v2.5.3.1+6b60a9e56a (64-bit .NET 8.0.4)"}}
TpTrace Verbose: 0 : 49512, 14, 2024/09/03, 16:14:43.475, 2356221453413, vstest.console.dll, TestRunRequest:SendTestRunMessage: Starting.
TpTrace Verbose: 0 : 49512, 14, 2024/09/03, 16:14:43.475, 2356221453910, vstest.console.dll, MulticastDelegateUtilities.SafeInvoke: TestRun.LogMessages: Invoking callback 1/1 for Microsoft.VisualStudio.TestPlatform.CommandLine.TestRunResultAggregator., took 0 ms.
TpTrace Information: 0 : 49512, 14, 2024/09/03, 16:14:43.475, 2356221454135, vstest.console.dll, TestRunRequest:SendTestRunMessage: Completed.
TpTrace Verbose: 0 : 49512, 4, 2024/09/03, 16:14:43.475, 2356221454106, vstest.console.dll, MulticastDelegateUtilities.SafeInvoke: InternalTestLoggerEvents.SendTestRunMessage: Invoking callback 1/1 for Microsoft.VisualStudio.TestPlatform.CommandLine.Internal.ConsoleLogger., took 0 ms.
TpTrace Verbose: 0 : 49512, 14, 2024/09/03, 16:14:43.475, 2356221454359, vstest.console.dll, MulticastDelegateUtilities.SafeInvoke: LengthPrefixCommunicationChannel: MessageReceived: Invoking callback 1/1 for Microsoft.VisualStudio.TestPlatform.CommunicationUtilities.TestRequestSender+<>c__DisplayClass34_0., took 0 ms.
TpTrace Verbose: 0 : 49512, 14, 2024/09/03, 16:14:43.475, 2356221455181, vstest.console.dll, TcpClientExtensions.MessageLoopAsync: Polling on remoteEndPoint: 127.0.0.1:56587 localEndPoint: 127.0.0.1:56586 after 88 ms
TpTrace Verbose: 0 : 49512, 14, 2024/09/03, 16:14:43.527, 2356221968474, vstest.console.dll, TcpClientExtensions.MessageLoopAsync: NotifyDataAvailable remoteEndPoint: 127.0.0.1:56587 localEndPoint: 127.0.0.1:56586
TpTrace Verbose: 0 : 49512, 14, 2024/09/03, 16:14:43.527, 2356221969728, vstest.console.dll, TestRequestSender.OnExecutionMessageReceived: Received message: {"Version":7,"MessageType":"TestSession.Message","Payload":{"MessageLevel":0,"Message":"[xUnit.net 00:00:00.05]   Discovering: Sympli.Project.Tracking.Tests"}}
TpTrace Verbose: 0 : 49512, 14, 2024/09/03, 16:14:43.527, 2356221970770, vstest.console.dll, TestRunRequest:SendTestRunMessage: Starting.
TpTrace Verbose: 0 : 49512, 14, 2024/09/03, 16:14:43.527, 2356221971238, vstest.console.dll, MulticastDelegateUtilities.SafeInvoke: TestRun.LogMessages: Invoking callback 1/1 for Microsoft.VisualStudio.TestPlatform.CommandLine.TestRunResultAggregator., took 0 ms.
TpTrace Information: 0 : 49512, 14, 2024/09/03, 16:14:43.527, 2356221971457, vstest.console.dll, TestRunRequest:SendTestRunMessage: Completed.
TpTrace Verbose: 0 : 49512, 4, 2024/09/03, 16:14:43.527, 2356221971470, vstest.console.dll, MulticastDelegateUtilities.SafeInvoke: InternalTestLoggerEvents.SendTestRunMessage: Invoking callback 1/1 for Microsoft.VisualStudio.TestPlatform.CommandLine.Internal.ConsoleLogger., took 0 ms.
TpTrace Verbose: 0 : 49512, 14, 2024/09/03, 16:14:43.527, 2356221971654, vstest.console.dll, MulticastDelegateUtilities.SafeInvoke: LengthPrefixCommunicationChannel: MessageReceived: Invoking callback 1/1 for Microsoft.VisualStudio.TestPlatform.CommunicationUtilities.TestRequestSender+<>c__DisplayClass34_0., took 0 ms.
TpTrace Verbose: 0 : 49512, 14, 2024/09/03, 16:14:43.527, 2356221972626, vstest.console.dll, TcpClientExtensions.MessageLoopAsync: Polling on remoteEndPoint: 127.0.0.1:56587 localEndPoint: 127.0.0.1:56586 after 51 ms
TpTrace Verbose: 0 : 49512, 14, 2024/09/03, 16:14:43.550, 2356222202906, vstest.console.dll, TcpClientExtensions.MessageLoopAsync: NotifyDataAvailable remoteEndPoint: 127.0.0.1:56587 localEndPoint: 127.0.0.1:56586
TpTrace Verbose: 0 : 49512, 14, 2024/09/03, 16:14:43.550, 2356222204144, vstest.console.dll, TestRequestSender.OnExecutionMessageReceived: Received message: {"Version":7,"MessageType":"TestSession.Message","Payload":{"MessageLevel":0,"Message":"[xUnit.net 00:00:00.07]   Discovered:  Sympli.Project.Tracking.Tests"}}
TpTrace Verbose: 0 : 49512, 14, 2024/09/03, 16:14:43.550, 2356222205187, vstest.console.dll, TestRunRequest:SendTestRunMessage: Starting.
TpTrace Verbose: 0 : 49512, 14, 2024/09/03, 16:14:43.550, 2356222205655, vstest.console.dll, MulticastDelegateUtilities.SafeInvoke: TestRun.LogMessages: Invoking callback 1/1 for Microsoft.VisualStudio.TestPlatform.CommandLine.TestRunResultAggregator., took 0 ms.
TpTrace Information: 0 : 49512, 14, 2024/09/03, 16:14:43.550, 2356222205875, vstest.console.dll, TestRunRequest:SendTestRunMessage: Completed.
TpTrace Verbose: 0 : 49512, 4, 2024/09/03, 16:14:43.550, 2356222206013, vstest.console.dll, MulticastDelegateUtilities.SafeInvoke: InternalTestLoggerEvents.SendTestRunMessage: Invoking callback 1/1 for Microsoft.VisualStudio.TestPlatform.CommandLine.Internal.ConsoleLogger., took 0 ms.
TpTrace Verbose: 0 : 49512, 14, 2024/09/03, 16:14:43.550, 2356222206099, vstest.console.dll, MulticastDelegateUtilities.SafeInvoke: LengthPrefixCommunicationChannel: MessageReceived: Invoking callback 1/1 for Microsoft.VisualStudio.TestPlatform.CommunicationUtilities.TestRequestSender+<>c__DisplayClass34_0., took 0 ms.
TpTrace Verbose: 0 : 49512, 14, 2024/09/03, 16:14:43.550, 2356222206832, vstest.console.dll, TcpClientExtensions.MessageLoopAsync: Polling on remoteEndPoint: 127.0.0.1:56587 localEndPoint: 127.0.0.1:56586 after 23 ms
TpTrace Verbose: 0 : 49512, 14, 2024/09/03, 16:14:43.552, 2356222222881, vstest.console.dll, TcpClientExtensions.MessageLoopAsync: NotifyDataAvailable remoteEndPoint: 127.0.0.1:56587 localEndPoint: 127.0.0.1:56586
TpTrace Verbose: 0 : 49512, 14, 2024/09/03, 16:14:43.552, 2356222223960, vstest.console.dll, TestRequestSender.OnExecutionMessageReceived: Received message: {"Version":7,"MessageType":"TestSession.Message","Payload":{"MessageLevel":0,"Message":"[xUnit.net 00:00:00.08]   Starting:    Sympli.Project.Tracking.Tests"}}
TpTrace Verbose: 0 : 49512, 14, 2024/09/03, 16:14:43.552, 2356222225067, vstest.console.dll, TestRunRequest:SendTestRunMessage: Starting.
TpTrace Verbose: 0 : 49512, 14, 2024/09/03, 16:14:43.552, 2356222225652, vstest.console.dll, MulticastDelegateUtilities.SafeInvoke: TestRun.LogMessages: Invoking callback 1/1 for Microsoft.VisualStudio.TestPlatform.CommandLine.TestRunResultAggregator., took 0 ms.
TpTrace Verbose: 0 : 49512, 4, 2024/09/03, 16:14:43.552, 2356222225923, vstest.console.dll, MulticastDelegateUtilities.SafeInvoke: InternalTestLoggerEvents.SendTestRunMessage: Invoking callback 1/1 for Microsoft.VisualStudio.TestPlatform.CommandLine.Internal.ConsoleLogger., took 0 ms.
TpTrace Information: 0 : 49512, 14, 2024/09/03, 16:14:43.552, 2356222226017, vstest.console.dll, TestRunRequest:SendTestRunMessage: Completed.
TpTrace Verbose: 0 : 49512, 14, 2024/09/03, 16:14:43.552, 2356222226893, vstest.console.dll, MulticastDelegateUtilities.SafeInvoke: LengthPrefixCommunicationChannel: MessageReceived: Invoking callback 1/1 for Microsoft.VisualStudio.TestPlatform.CommunicationUtilities.TestRequestSender+<>c__DisplayClass34_0., took 0 ms.
TpTrace Verbose: 0 : 49512, 14, 2024/09/03, 16:14:43.553, 2356222227222, vstest.console.dll, TcpClientExtensions.MessageLoopAsync: Polling on remoteEndPoint: 127.0.0.1:56587 localEndPoint: 127.0.0.1:56586 after 2 ms
TpTrace Verbose: 0 : 49512, 14, 2024/09/03, 16:14:44.480, 2356231498804, vstest.console.dll, TcpClientExtensions.MessageLoopAsync: NotifyDataAvailable remoteEndPoint: 127.0.0.1:56587 localEndPoint: 127.0.0.1:56586
TpTrace Verbose: 0 : 49512, 14, 2024/09/03, 16:14:44.480, 2356231502203, vstest.console.dll, TestRequestSender.OnExecutionMessageReceived: Received message: {"Version":7,"MessageType":"TestExecution.StatsChange","Payload":{"NewTestResults":[{"TestCase":{"Id":"50276c38-258d-7948-395b-f407dbaf6485","FullyQualifiedName":"Sympli.Project.Tracking.Tests.Services.SearchServiceTests.SearchAsyncByGoogleTest.SearchAsync_Expect_InvalidUrlSearch","DisplayName":"Sympli.Project.Tracking.Tests.Services.SearchServiceTests.SearchAsyncByGoogleTest.SearchAsync_Expect_InvalidUrlSearch","ExecutorUri":"executor://xunit/VsTestRunner2/netcoreapp","Source":"H:\\Code\\Study\\sympli-project-tracking\\Sympli.Project.Tracking\\Sympli.Project.Tracking.Tests\\bin\\Debug\\net8.0\\fine-code-coverage\\build-output\\Sympli.Project.Tracking.Tests.dll","CodeFilePath":null,"LineNumber":0,"Properties":[]},"Attachments":[],"Outcome":1,"ErrorMessage":null,"ErrorStackTrace":null,"DisplayName":"Sympli.Project.Tracking.Tests.Services.SearchServiceTests.SearchAsyncByGoogleTest.SearchAsync_Expect_InvalidUrlSearch","Messages":[],"ComputerName":"TAMLAP","Duration":"00:00:00.0585747","StartTime":"2024-09-03T09:14:43.6443279+00:00","EndTime":"2024-09-03T09:14:43.6443652+00:00","Properties":[]},{"TestCase":{"Id":"f8b11c17-c3e5-e26f-4028-fc51ca78008b","FullyQualifiedName":"Sympli.Project.Tracking.Tests.Queries.SearchQueryHandlerTests.SearchQueryHandler_Expect_SearchFailure","DisplayName":"Sympli.Project.Tracking.Tests.Queries.SearchQueryHandlerTests.SearchQueryHandler_Expect_SearchFailure","ExecutorUri":"executor://xunit/VsTestRunner2/netcoreapp","Source":"H:\\Code\\Study\\sympli-project-tracking\\Sympli.Project.Tracking\\Sympli.Project.Tracking.Tests\\bin\\Debug\\net8.0\\fine-code-coverage\\build-output\\Sympli.Project.Tracking.Tests.dll","CodeFilePath":null,"LineNumber":0,"Properties":[]},"Attachments":[],"Outcome":1,"ErrorMessage":null,"ErrorStackTrace":null,"DisplayName":"Sympli.Project.Tracking.Tests.Queries.SearchQueryHandlerTests.SearchQueryHandler_Expect_SearchFailure","Messages":[],"ComputerName":"TAMLAP","Duration":"00:00:00.0630487","StartTime":"2024-09-03T09:14:43.6559392+00:00","EndTime":"2024-09-03T09:14:43.6559393+00:00","Properties":[]},{"TestCase":{"Id":"d55158ab-0da0-c170-ab4d-1e3d018781bf","FullyQualifiedName":"Sympli.Project.Tracking.Tests.Queries.SearchQueryHandlerTests.SearchQueryHandler_Expect_SuccessWithCachedMemory","DisplayName":"Sympli.Project.Tracking.Tests.Queries.SearchQueryHandlerTests.SearchQueryHandler_Expect_SuccessWithCachedMemory","ExecutorUri":"executor://xunit/VsTestRunner2/netcoreapp","Source":"H:\\Code\\Study\\sympli-project-tracking\\Sympli.Project.Tracking\\Sympli.Project.Tracking.Tests\\bin\\Debug\\net8.0\\fine-code-coverage\\build-output\\Sympli.Project.Tracking.Tests.dll","CodeFilePath":null,"LineNumber":0,"Properties":[]},"Attachments":[],"Outcome":1,"ErrorMessage":null,"ErrorStackTrace":null,"DisplayName":"Sympli.Project.Tracking.Tests.Queries.SearchQueryHandlerTests.SearchQueryHandler_Expect_SuccessWithCachedMemory","Messages":[],"ComputerName":"TAMLAP","Duration":"00:00:00.0032429","StartTime":"2024-09-03T09:14:43.6583215+00:00","EndTime":"2024-09-03T09:14:43.6583217+00:00","Properties":[]},{"TestCase":{"Id":"9f41fc7c-be6f-8ead-79ee-f469c3e8a77f","FullyQualifiedName":"Sympli.Project.Tracking.Tests.Queries.SearchQueryHandlerTests.SearchQueryHandler_Expect_SuccessWithNoCachedFound","DisplayName":"Sympli.Project.Tracking.Tests.Queries.SearchQueryHandlerTests.SearchQueryHandler_Expect_SuccessWithNoCachedFound","ExecutorUri":"executor://xunit/VsTestRunner2/netcoreapp","Source":"H:\\Code\\Study\\sympli-project-tracking\\Sympli.Project.Tracking\\Sympli.Project.Tracking.Tests\\bin\\Debug\\net8.0\\fine-code-coverage\\build-output\\Sympli.Project.Tracking.Tests.dll","CodeFilePath":null,"LineNumber":0,"Properties":[]},"Attachments":[],"Outcome":1,"ErrorMessage":null,"ErrorStackTrace":null,"DisplayName":"Sympli.Project.Tracking.Tests.Queries.SearchQueryHandlerTests.SearchQueryHandler_Expect_SuccessWithNoCachedFound","Messages":[],"ComputerName":"TAMLAP","Duration":"00:00:00.0033702","StartTime":"2024-09-03T09:14:43.6598305+00:00","EndTime":"2024-09-03T09:14:43.6598306+00:00","Properties":[]},{"TestCase":{"Id":"f21b7d05-8fd9-d639-921c-f305e30df886","FullyQualifiedName":"Sympli.Project.Tracking.Tests.Services.SearchServiceTests.SearchAsyncByBingTest.SearchAsync_Expect_NotFoundResultBlockSearch","DisplayName":"Sympli.Project.Tracking.Tests.Services.SearchServiceTests.SearchAsyncByBingTest.SearchAsync_Expect_NotFoundResultBlockSearch","ExecutorUri":"executor://xunit/VsTestRunner2/netcoreapp","Source":"H:\\Code\\Study\\sympli-project-tracking\\Sympli.Project.Tracking\\Sympli.Project.Tracking.Tests\\bin\\Debug\\net8.0\\fine-code-coverage\\build-output\\Sympli.Project.Tracking.Tests.dll","CodeFilePath":null,"LineNumber":0,"Properties":[]},"Attachments":[],"Outcome":1,"ErrorMessage":null,"ErrorStackTrace":null,"DisplayName":"Sympli.Project.Tracking.Tests.Services.SearchServiceTests.SearchAsyncByBingTest.SearchAsync_Expect_NotFoundResultBlockSearch","Messages":[],"ComputerName":"TAMLAP","Duration":"00:00:00.7333314","StartTime":"2024-09-03T09:14:44.3183396+00:00","EndTime":"2024-09-03T09:14:44.3183399+00:00","Properties":[]},{"TestCase":{"Id":"6371b2c7-2aad-cc42-8d3c-723335a5a4f0","FullyQualifiedName":"Sympli.Project.Tracking.Tests.Services.SearchServiceTests.SearchAsyncByBingTest.SearchAsync_Expect_InvalidUrlSearch","DisplayName":"Sympli.Project.Tracking.Tests.Services.SearchServiceTests.SearchAsyncByBingTest.SearchAsync_Expect_InvalidUrlSearch","ExecutorUri":"executor://xunit/VsTestRunner2/netcoreapp","Source":"H:\\Code\\Study\\sympli-project-tracking\\Sympli.Project.Tracking\\Sympli.Project.Tracking.Tests\\bin\\Debug\\net8.0\\fine-code-coverage\\build-output\\Sympli.Project.Tracking.Tests.dll","CodeFilePath":null,"LineNumber":0,"Properties":[]},"Attachments":[],"Outcome":1,"ErrorMessage":null,"ErrorStackTrace":null,"DisplayName":"Sympli.Project.Tracking.Tests.Services.SearchServiceTests.SearchAsyncByBingTest.SearchAsync_Expect_InvalidUrlSearch","Messages":[],"ComputerName":"TAMLAP","Duration":"00:00:00.0016304","StartTime":"2024-09-03T09:14:44.3218666+00:00","EndTime":"2024-09-03T09:14:44.3218667+00:00","Properties":[]},{"TestCase":{"Id":"3e82c156-64ee-0c54-4fb5-8197d3549d18","FullyQualifiedName":"Sympli.Project.Tracking.Tests.Services.SearchServiceTests.SearchAsyncByGoogleTest.SearchAsync_Expect_SuccessWithNoLimit","DisplayName":"Sympli.Project.Tracking.Tests.Services.SearchServiceTests.SearchAsyncByGoogleTest.SearchAsync_Expect_SuccessWithNoLimit","ExecutorUri":"executor://xunit/VsTestRunner2/netcoreapp","Source":"H:\\Code\\Study\\sympli-project-tracking\\Sympli.Project.Tracking\\Sympli.Project.Tracking.Tests\\bin\\Debug\\net8.0\\fine-code-coverage\\build-output\\Sympli.Project.Tracking.Tests.dll","CodeFilePath":null,"LineNumber":0,"Properties":[]},"Attachments":[],"Outcome":1,"ErrorMessage":null,"ErrorStackTrace":null,"DisplayName":"Sympli.Project.Tracking.Tests.Services.SearchServiceTests.SearchAsyncByGoogleTest.SearchAsync_Expect_SuccessWithNoLimit","Messages":[],"ComputerName":"TAMLAP","Duration":"00:00:00.6918288","StartTime":"2024-09-03T09:14:44.3358792+00:00","EndTime":"2024-09-03T09:14:44.3358795+00:00","Properties":[]},{"TestCase":{"Id":"b5c25293-4318-ee9c-ad27-0ee1d48f1253","FullyQualifiedName":"Sympli.Project.Tracking.Tests.Services.SearchServiceTests.SearchAsyncByGoogleTest.SearchAsync_Expect_NotFoundResultBlockSearch","DisplayName":"Sympli.Project.Tracking.Tests.Services.SearchServiceTests.SearchAsyncByGoogleTest.SearchAsync_Expect_NotFoundResultBlockSearch","ExecutorUri":"executor://xunit/VsTestRunner2/netcoreapp","Source":"H:\\Code\\Study\\sympli-project-tracking\\Sympli.Project.Tracking\\Sympli.Project.Tracking.Tests\\bin\\Debug\\net8.0\\fine-code-coverage\\build-output\\Sympli.Project.Tracking.Tests.dll","CodeFilePath":null,"LineNumber":0,"Properties":[]},"Attachments":[],"Outcome":1,"ErrorMessage":null,"ErrorStackTrace":null,"DisplayName":"Sympli.Project.Tracking.Tests.Services.SearchServiceTests.SearchAsyncByGoogleTest.SearchAsync_Expect_NotFoundResultBlockSearch","Messages":[],"ComputerName":"TAMLAP","Duration":"00:00:00.1278557","StartTime":"2024-09-03T09:14:44.4638936+00:00","EndTime":"2024-09-03T09:14:44.463894+00:00","Properties":[]}],"TestRunStatistics":{"ExecutedTests":8,"Stats":{"Passed":8}},"ActiveTests":[{"Id":"c136b150-1f8a-9954-aabd-247f05719974","FullyQualifiedName":"Sympli.Project.Tracking.Tests.Services.SearchServiceTests.SearchAsyncByBingTest.SearchAsync_Expect_Success","DisplayName":"Sympli.Project.Tracking.Tests.Services.SearchServiceTests.SearchAsyncByBingTest.SearchAsync_Expect_Success","ExecutorUri":"executor://xunit/VsTestRunner2/netcoreapp","Source":"H:\\Code\\Study\\sympli-project-tracking\\Sympli.Project.Tracking\\Sympli.Project.Tracking.Tests\\bin\\Debug\\net8.0\\fine-code-coverage\\build-output\\Sympli.Project.Tracking.Tests.dll","CodeFilePath":null,"LineNumber":0,"Properties":[]},{"Id":"2cc07be4-82c4-6215-54b2-303eeaa5c316","FullyQualifiedName":"Sympli.Project.Tracking.Tests.Services.SearchServiceTests.SearchAsyncByGoogleTest.SearchAsync_Expect_Success","DisplayName":"Sympli.Project.Tracking.Tests.Services.SearchServiceTests.SearchAsyncByGoogleTest.SearchAsync_Expect_Success","ExecutorUri":"executor://xunit/VsTestRunner2/netcoreapp","Source":"H:\\Code\\Study\\sympli-project-tracking\\Sympli.Project.Tracking\\Sympli.Project.Tracking.Tests\\bin\\Debug\\net8.0\\fine-code-coverage\\build-output\\Sympli.Project.Tracking.Tests.dll","CodeFilePath":null,"LineNumber":0,"Properties":[]}]}}
TpTrace Verbose: 0 : 49512, 14, 2024/09/03, 16:14:44.494, 2356231645605, vstest.console.dll, TestRunRequest:SendTestRunStatsChange: Starting.
TpTrace Verbose: 0 : 49512, 14, 2024/09/03, 16:14:44.495, 2356231647090, vstest.console.dll, InProgress is Sympli.Project.Tracking.Tests.Services.SearchServiceTests.SearchAsyncByBingTest.SearchAsync_Expect_Success
TpTrace Verbose: 0 : 49512, 14, 2024/09/03, 16:14:44.495, 2356231647377, vstest.console.dll, InProgress is Sympli.Project.Tracking.Tests.Services.SearchServiceTests.SearchAsyncByGoogleTest.SearchAsync_Expect_Success
TpTrace Verbose: 0 : 49512, 14, 2024/09/03, 16:14:44.495, 2356231649150, vstest.console.dll, MulticastDelegateUtilities.SafeInvoke: TestRun.RunStatsChanged: Invoking callbacks was skipped because there are no subscribers.
TpTrace Information: 0 : 49512, 14, 2024/09/03, 16:14:44.495, 2356231649467, vstest.console.dll, TestRunRequest:SendTestRunStatsChange: Completed.
TpTrace Verbose: 0 : 49512, 14, 2024/09/03, 16:14:44.495, 2356231649675, vstest.console.dll, MulticastDelegateUtilities.SafeInvoke: LengthPrefixCommunicationChannel: MessageReceived: Invoking callback 1/1 for Microsoft.VisualStudio.TestPlatform.CommunicationUtilities.TestRequestSender+<>c__DisplayClass34_0., took 14 ms.
TpTrace Verbose: 0 : 49512, 14, 2024/09/03, 16:14:44.495, 2356231649944, vstest.console.dll, TcpClientExtensions.MessageLoopAsync: Polling on remoteEndPoint: 127.0.0.1:56587 localEndPoint: 127.0.0.1:56586 after 942 ms
TpTrace Verbose: 0 : 49512, 4, 2024/09/03, 16:14:44.497, 2356231668269, vstest.console.dll, MulticastDelegateUtilities.SafeInvoke: InternalTestLoggerEvents.SendTestResult: Invoking callback 1/1 for Microsoft.VisualStudio.TestPlatform.CommandLine.Internal.ConsoleLogger., took 1 ms.
TpTrace Verbose: 0 : 49512, 4, 2024/09/03, 16:14:44.497, 2356231670239, vstest.console.dll, MulticastDelegateUtilities.SafeInvoke: InternalTestLoggerEvents.SendTestResult: Invoking callback 1/1 for Microsoft.VisualStudio.TestPlatform.CommandLine.Internal.ConsoleLogger., took 0 ms.
TpTrace Verbose: 0 : 49512, 4, 2024/09/03, 16:14:44.497, 2356231670775, vstest.console.dll, MulticastDelegateUtilities.SafeInvoke: InternalTestLoggerEvents.SendTestResult: Invoking callback 1/1 for Microsoft.VisualStudio.TestPlatform.CommandLine.Internal.ConsoleLogger., took 0 ms.
TpTrace Verbose: 0 : 49512, 4, 2024/09/03, 16:14:44.497, 2356231671101, vstest.console.dll, MulticastDelegateUtilities.SafeInvoke: InternalTestLoggerEvents.SendTestResult: Invoking callback 1/1 for Microsoft.VisualStudio.TestPlatform.CommandLine.Internal.ConsoleLogger., took 0 ms.
TpTrace Verbose: 0 : 49512, 4, 2024/09/03, 16:14:44.497, 2356231671438, vstest.console.dll, MulticastDelegateUtilities.SafeInvoke: InternalTestLoggerEvents.SendTestResult: Invoking callback 1/1 for Microsoft.VisualStudio.TestPlatform.CommandLine.Internal.ConsoleLogger., took 0 ms.
TpTrace Verbose: 0 : 49512, 4, 2024/09/03, 16:14:44.497, 2356231671726, vstest.console.dll, MulticastDelegateUtilities.SafeInvoke: InternalTestLoggerEvents.SendTestResult: Invoking callback 1/1 for Microsoft.VisualStudio.TestPlatform.CommandLine.Internal.ConsoleLogger., took 0 ms.
TpTrace Verbose: 0 : 49512, 4, 2024/09/03, 16:14:44.497, 2356231672110, vstest.console.dll, MulticastDelegateUtilities.SafeInvoke: InternalTestLoggerEvents.SendTestResult: Invoking callback 1/1 for Microsoft.VisualStudio.TestPlatform.CommandLine.Internal.ConsoleLogger., took 0 ms.
TpTrace Verbose: 0 : 49512, 4, 2024/09/03, 16:14:44.498, 2356231677926, vstest.console.dll, MulticastDelegateUtilities.SafeInvoke: InternalTestLoggerEvents.SendTestResult: Invoking callback 1/1 for Microsoft.VisualStudio.TestPlatform.CommandLine.Internal.ConsoleLogger., took 0 ms.
TpTrace Verbose: 0 : 49512, 14, 2024/09/03, 16:14:45.496, 2356241662983, vstest.console.dll, TcpClientExtensions.MessageLoopAsync: Polling on remoteEndPoint: 127.0.0.1:56587 localEndPoint: 127.0.0.1:56586 after 1001 ms
TpTrace Verbose: 0 : 49512, 14, 2024/09/03, 16:14:45.980, 2356246501294, vstest.console.dll, TcpClientExtensions.MessageLoopAsync: NotifyDataAvailable remoteEndPoint: 127.0.0.1:56587 localEndPoint: 127.0.0.1:56586
TpTrace Verbose: 0 : 49512, 14, 2024/09/03, 16:14:45.980, 2356246503259, vstest.console.dll, TestRequestSender.OnExecutionMessageReceived: Received message: {"Version":7,"MessageType":"TestExecution.StatsChange","Payload":{"NewTestResults":[{"TestCase":{"Id":"2cc07be4-82c4-6215-54b2-303eeaa5c316","FullyQualifiedName":"Sympli.Project.Tracking.Tests.Services.SearchServiceTests.SearchAsyncByGoogleTest.SearchAsync_Expect_Success","DisplayName":"Sympli.Project.Tracking.Tests.Services.SearchServiceTests.SearchAsyncByGoogleTest.SearchAsync_Expect_Success","ExecutorUri":"executor://xunit/VsTestRunner2/netcoreapp","Source":"H:\\Code\\Study\\sympli-project-tracking\\Sympli.Project.Tracking\\Sympli.Project.Tracking.Tests\\bin\\Debug\\net8.0\\fine-code-coverage\\build-output\\Sympli.Project.Tracking.Tests.dll","CodeFilePath":null,"LineNumber":0,"Properties":[]},"Attachments":[],"Outcome":1,"ErrorMessage":null,"ErrorStackTrace":null,"DisplayName":"Sympli.Project.Tracking.Tests.Services.SearchServiceTests.SearchAsyncByGoogleTest.SearchAsync_Expect_Success","Messages":[],"ComputerName":"TAMLAP","Duration":"00:00:01.0979026","StartTime":"2024-09-03T09:14:45.5620095+00:00","EndTime":"2024-09-03T09:14:45.5620098+00:00","Properties":[]}],"TestRunStatistics":{"ExecutedTests":9,"Stats":{"Passed":9}},"ActiveTests":[]}}
TpTrace Verbose: 0 : 49512, 14, 2024/09/03, 16:14:45.981, 2356246510848, vstest.console.dll, TestRunRequest:SendTestRunStatsChange: Starting.
TpTrace Verbose: 0 : 49512, 14, 2024/09/03, 16:14:45.981, 2356246511824, vstest.console.dll, MulticastDelegateUtilities.SafeInvoke: TestRun.RunStatsChanged: Invoking callbacks was skipped because there are no subscribers.
TpTrace Information: 0 : 49512, 14, 2024/09/03, 16:14:45.981, 2356246512118, vstest.console.dll, TestRunRequest:SendTestRunStatsChange: Completed.
TpTrace Verbose: 0 : 49512, 14, 2024/09/03, 16:14:45.981, 2356246512332, vstest.console.dll, MulticastDelegateUtilities.SafeInvoke: LengthPrefixCommunicationChannel: MessageReceived: Invoking callback 1/1 for Microsoft.VisualStudio.TestPlatform.CommunicationUtilities.TestRequestSender+<>c__DisplayClass34_0., took 0 ms.
TpTrace Verbose: 0 : 49512, 14, 2024/09/03, 16:14:45.981, 2356246512551, vstest.console.dll, TcpClientExtensions.MessageLoopAsync: Polling on remoteEndPoint: 127.0.0.1:56587 localEndPoint: 127.0.0.1:56586 after 484 ms
TpTrace Verbose: 0 : 49512, 4, 2024/09/03, 16:14:45.981, 2356246512620, vstest.console.dll, MulticastDelegateUtilities.SafeInvoke: InternalTestLoggerEvents.SendTestResult: Invoking callback 1/1 for Microsoft.VisualStudio.TestPlatform.CommandLine.Internal.ConsoleLogger., took 0 ms.
TpTrace Verbose: 0 : 49512, 14, 2024/09/03, 16:14:46.985, 2356256551342, vstest.console.dll, TcpClientExtensions.MessageLoopAsync: Polling on remoteEndPoint: 127.0.0.1:56587 localEndPoint: 127.0.0.1:56586 after 1003 ms
TpTrace Verbose: 0 : 49512, 14, 2024/09/03, 16:14:47.586, 2356262563638, vstest.console.dll, TcpClientExtensions.MessageLoopAsync: NotifyDataAvailable remoteEndPoint: 127.0.0.1:56587 localEndPoint: 127.0.0.1:56586
TpTrace Verbose: 0 : 49512, 14, 2024/09/03, 16:14:47.586, 2356262565286, vstest.console.dll, TestRequestSender.OnExecutionMessageReceived: Received message: {"Version":7,"MessageType":"TestExecution.StatsChange","Payload":{"NewTestResults":[{"TestCase":{"Id":"c136b150-1f8a-9954-aabd-247f05719974","FullyQualifiedName":"Sympli.Project.Tracking.Tests.Services.SearchServiceTests.SearchAsyncByBingTest.SearchAsync_Expect_Success","DisplayName":"Sympli.Project.Tracking.Tests.Services.SearchServiceTests.SearchAsyncByBingTest.SearchAsync_Expect_Success","ExecutorUri":"executor://xunit/VsTestRunner2/netcoreapp","Source":"H:\\Code\\Study\\sympli-project-tracking\\Sympli.Project.Tracking\\Sympli.Project.Tracking.Tests\\bin\\Debug\\net8.0\\fine-code-coverage\\build-output\\Sympli.Project.Tracking.Tests.dll","CodeFilePath":null,"LineNumber":0,"Properties":[]},"Attachments":[],"Outcome":1,"ErrorMessage":null,"ErrorStackTrace":null,"DisplayName":"Sympli.Project.Tracking.Tests.Services.SearchServiceTests.SearchAsyncByBingTest.SearchAsync_Expect_Success","Messages":[],"ComputerName":"TAMLAP","Duration":"00:00:03.2639636","StartTime":"2024-09-03T09:14:47.5849751+00:00","EndTime":"2024-09-03T09:14:47.5849753+00:00","Properties":[]}],"TestRunStatistics":{"ExecutedTests":10,"Stats":{"Passed":10}},"ActiveTests":[{"Id":"a84763db-14a3-a016-a031-bbc3a0c6af6a","FullyQualifiedName":"Sympli.Project.Tracking.Tests.Services.SearchServiceTests.SearchAsyncByBingTest.SearchAsync_Expect_SuccessWithNoLimit","DisplayName":"Sympli.Project.Tracking.Tests.Services.SearchServiceTests.SearchAsyncByBingTest.SearchAsync_Expect_SuccessWithNoLimit","ExecutorUri":"executor://xunit/VsTestRunner2/netcoreapp","Source":"H:\\Code\\Study\\sympli-project-tracking\\Sympli.Project.Tracking\\Sympli.Project.Tracking.Tests\\bin\\Debug\\net8.0\\fine-code-coverage\\build-output\\Sympli.Project.Tracking.Tests.dll","CodeFilePath":null,"LineNumber":0,"Properties":[]}]}}
TpTrace Verbose: 0 : 49512, 14, 2024/09/03, 16:14:47.587, 2356262568714, vstest.console.dll, TestRunRequest:SendTestRunStatsChange: Starting.
TpTrace Verbose: 0 : 49512, 14, 2024/09/03, 16:14:47.587, 2356262569403, vstest.console.dll, InProgress is Sympli.Project.Tracking.Tests.Services.SearchServiceTests.SearchAsyncByBingTest.SearchAsync_Expect_SuccessWithNoLimit
TpTrace Verbose: 0 : 49512, 14, 2024/09/03, 16:14:47.587, 2356262569857, vstest.console.dll, MulticastDelegateUtilities.SafeInvoke: TestRun.RunStatsChanged: Invoking callbacks was skipped because there are no subscribers.
TpTrace Information: 0 : 49512, 14, 2024/09/03, 16:14:47.587, 2356262570308, vstest.console.dll, TestRunRequest:SendTestRunStatsChange: Completed.
TpTrace Verbose: 0 : 49512, 14, 2024/09/03, 16:14:47.587, 2356262570623, vstest.console.dll, MulticastDelegateUtilities.SafeInvoke: LengthPrefixCommunicationChannel: MessageReceived: Invoking callback 1/1 for Microsoft.VisualStudio.TestPlatform.CommunicationUtilities.TestRequestSender+<>c__DisplayClass34_0., took 0 ms.
TpTrace Verbose: 0 : 49512, 4, 2024/09/03, 16:14:47.587, 2356262570759, vstest.console.dll, MulticastDelegateUtilities.SafeInvoke: InternalTestLoggerEvents.SendTestResult: Invoking callback 1/1 for Microsoft.VisualStudio.TestPlatform.CommandLine.Internal.ConsoleLogger., took 0 ms.
TpTrace Verbose: 0 : 49512, 14, 2024/09/03, 16:14:47.587, 2356262571621, vstest.console.dll, TcpClientExtensions.MessageLoopAsync: Polling on remoteEndPoint: 127.0.0.1:56587 localEndPoint: 127.0.0.1:56586 after 601 ms
TpTrace Verbose: 0 : 49512, 14, 2024/09/03, 16:14:47.589, 2356262592027, vstest.console.dll, TcpClientExtensions.MessageLoopAsync: NotifyDataAvailable remoteEndPoint: 127.0.0.1:56587 localEndPoint: 127.0.0.1:56586
TpTrace Verbose: 0 : 49512, 14, 2024/09/03, 16:14:47.589, 2356262593159, vstest.console.dll, TestRequestSender.OnExecutionMessageReceived: Received message: {"Version":7,"MessageType":"TestSession.Message","Payload":{"MessageLevel":0,"Message":"[xUnit.net 00:00:04.11]   Finished:    Sympli.Project.Tracking.Tests"}}
TpTrace Verbose: 0 : 49512, 14, 2024/09/03, 16:14:47.589, 2356262594097, vstest.console.dll, TestRunRequest:SendTestRunMessage: Starting.
TpTrace Verbose: 0 : 49512, 14, 2024/09/03, 16:14:47.589, 2356262594569, vstest.console.dll, MulticastDelegateUtilities.SafeInvoke: TestRun.LogMessages: Invoking callback 1/1 for Microsoft.VisualStudio.TestPlatform.CommandLine.TestRunResultAggregator., took 0 ms.
TpTrace Information: 0 : 49512, 14, 2024/09/03, 16:14:47.589, 2356262594769, vstest.console.dll, TestRunRequest:SendTestRunMessage: Completed.
TpTrace Verbose: 0 : 49512, 4, 2024/09/03, 16:14:47.589, 2356262594752, vstest.console.dll, MulticastDelegateUtilities.SafeInvoke: InternalTestLoggerEvents.SendTestRunMessage: Invoking callback 1/1 for Microsoft.VisualStudio.TestPlatform.CommandLine.Internal.ConsoleLogger., took 0 ms.
TpTrace Verbose: 0 : 49512, 14, 2024/09/03, 16:14:47.589, 2356262595007, vstest.console.dll, MulticastDelegateUtilities.SafeInvoke: LengthPrefixCommunicationChannel: MessageReceived: Invoking callback 1/1 for Microsoft.VisualStudio.TestPlatform.CommunicationUtilities.TestRequestSender+<>c__DisplayClass34_0., took 0 ms.
TpTrace Verbose: 0 : 49512, 14, 2024/09/03, 16:14:47.589, 2356262595926, vstest.console.dll, TcpClientExtensions.MessageLoopAsync: Polling on remoteEndPoint: 127.0.0.1:56587 localEndPoint: 127.0.0.1:56586 after 2 ms
TpTrace Verbose: 0 : 49512, 14, 2024/09/03, 16:14:47.599, 2356262696535, vstest.console.dll, TcpClientExtensions.MessageLoopAsync: NotifyDataAvailable remoteEndPoint: 127.0.0.1:56587 localEndPoint: 127.0.0.1:56586
TpTrace Verbose: 0 : 49512, 14, 2024/09/03, 16:14:47.600, 2356262698676, vstest.console.dll, TestRequestSender.OnExecutionMessageReceived: Received message: {"Version":7,"MessageType":"TestExecution.Completed","Payload":{"TestRunCompleteArgs":{"TestRunStatistics":{"ExecutedTests":11,"Stats":{"Passed":11}},"IsCanceled":false,"IsAborted":false,"Error":null,"AttachmentSets":[],"InvokedDataCollectors":[],"ElapsedTimeInRunningTests":"00:00:04.1234780","Metrics":{},"DiscoveredExtensions":{"TestDiscoverers":["Xunit.Runner.VisualStudio.VsTestRunner, xunit.runner.visualstudio.dotnetcore.testadapter, Version=2.5.0.0, Culture=neutral, PublicKeyToken=null"],"TestExecutors":["executor://xunit/VsTestRunner2/netcoreapp"],"TestExecutors2":[],"TestSettingsProviders":[]}},"LastRunTests":{"NewTestResults":[{"TestCase":{"Id":"a84763db-14a3-a016-a031-bbc3a0c6af6a","FullyQualifiedName":"Sympli.Project.Tracking.Tests.Services.SearchServiceTests.SearchAsyncByBingTest.SearchAsync_Expect_SuccessWithNoLimit","DisplayName":"Sympli.Project.Tracking.Tests.Services.SearchServiceTests.SearchAsyncByBingTest.SearchAsync_Expect_SuccessWithNoLimit","ExecutorUri":"executor://xunit/VsTestRunner2/netcoreapp","Source":"H:\\Code\\Study\\sympli-project-tracking\\Sympli.Project.Tracking\\Sympli.Project.Tracking.Tests\\bin\\Debug\\net8.0\\fine-code-coverage\\build-output\\Sympli.Project.Tracking.Tests.dll","CodeFilePath":null,"LineNumber":0,"Properties":[]},"Attachments":[],"Outcome":1,"ErrorMessage":null,"ErrorStackTrace":null,"DisplayName":"Sympli.Project.Tracking.Tests.Services.SearchServiceTests.SearchAsyncByBingTest.SearchAsync_Expect_SuccessWithNoLimit","Messages":[],"ComputerName":"TAMLAP","Duration":"00:00:00.0012352","StartTime":"2024-09-03T09:14:47.5874024+00:00","EndTime":"2024-09-03T09:14:47.5874029+00:00","Properties":[]}],"TestRunStatistics":{"ExecutedTests":11,"Stats":{"Passed":11}},"ActiveTests":[]},"RunAttachments":[],"ExecutorUris":["executor://xunit/VsTestRunner2/netcoreapp"]}}
TpTrace Verbose: 0 : 49512, 14, 2024/09/03, 16:14:47.600, 2356262699504, vstest.console.dll, TestRequestSender.EndSession: Sending end session.
TpTrace Verbose: 0 : 49512, 14, 2024/09/03, 16:14:47.600, 2356262700781, vstest.console.dll, ProxyOperationManager.Close: waiting for test host to exit for 100 ms
TpTrace Verbose: 0 : 49512, 13, 2024/09/03, 16:14:47.619, 2356262895350, vstest.console.dll, TestHostManagerCallbacks.ctor: Experimental forwarding output is disabled.
TpTrace Warning: 0 : 49512, 13, 2024/09/03, 16:14:47.619, 2356262896654, vstest.console.dll, TestHostManagerCallbacks.ErrorReceivedCallback Test host standard error line: 
TpTrace Verbose: 0 : 49512, 13, 2024/09/03, 16:14:47.632, 2356263025052, vstest.console.dll, TestHostProvider.ExitCallBack: Host exited starting callback.
TpTrace Information: 0 : 49512, 13, 2024/09/03, 16:14:47.632, 2356263026381, vstest.console.dll, TestHostManagerCallbacks.ExitCallBack: Testhost processId: 49592 exited with exitcode: 0 error: ''
TpTrace Verbose: 0 : 49512, 13, 2024/09/03, 16:14:47.632, 2356263026695, vstest.console.dll, DotnetTestHostManager.OnHostExited: invoking OnHostExited callback
TpTrace Verbose: 0 : 49512, 13, 2024/09/03, 16:14:47.633, 2356263027107, vstest.console.dll, CrossPlatEngine.TestHostManagerHostExited: calling on client process exit callback.
TpTrace Information: 0 : 49512, 13, 2024/09/03, 16:14:47.633, 2356263027527, vstest.console.dll, TestRequestSender.OnClientProcessExit: Test host process exited. Standard error: 
TpTrace Information: 0 : 49512, 14, 2024/09/03, 16:14:47.633, 2356263027783, vstest.console.dll, SocketServer.Stop: Stop server endPoint: 127.0.0.1:56586
TpTrace Information: 0 : 49512, 13, 2024/09/03, 16:14:47.633, 2356263027884, vstest.console.dll, SocketServer.Stop: Stop server endPoint: 127.0.0.1:56586
TpTrace Information: 0 : 49512, 14, 2024/09/03, 16:14:47.633, 2356263028237, vstest.console.dll, SocketServer.Stop: Cancellation requested. Stopping message loop.
TpTrace Information: 0 : 49512, 13, 2024/09/03, 16:14:47.633, 2356263028494, vstest.console.dll, SocketServer.Stop: Cancellation requested. Stopping message loop.
TpTrace Verbose: 0 : 49512, 13, 2024/09/03, 16:14:47.633, 2356263028984, vstest.console.dll, MulticastDelegateUtilities.SafeInvoke: HostProviderEvents.OnHostExited: Invoking callback 1/1 for Microsoft.VisualStudio.TestPlatform.CrossPlatEngine.Client.ProxyOperationManager., took 0 ms.
TpTrace Information: 0 : 49512, 14, 2024/09/03, 16:14:47.633, 2356263029307, vstest.console.dll, Closing the connection
TpTrace Verbose: 0 : 49512, 14, 2024/09/03, 16:14:47.633, 2356263030912, vstest.console.dll, ProxyDataCollectionManager.InvokeDataCollectionServiceAction: Starting.
TpTrace Information: 0 : 49512, 14, 2024/09/03, 16:14:47.633, 2356263031272, vstest.console.dll, ProxyDataCollectionManager.AfterTestRunEnd: Get attachment set and invoked data collectors processId: 14900 port: 56581
TpTrace Verbose: 0 : 49512, 14, 2024/09/03, 16:14:47.633, 2356263031586, vstest.console.dll, DataCollectionRequestSender.SendAfterTestRunStartAndGetResult: Send AfterTestRunEnd message with isCancelled: False
TpTrace Verbose: 0 : 49512, 14, 2024/09/03, 16:14:47.637, 2356263076069, vstest.console.dll, DataCollectionRequestSender.SendAfterTestRunStartAndGetResult: Received message: (DataCollection.AfterTestRunEndResult) -> {"MessageType":"DataCollection.AfterTestRunEndResult","Payload":{"AttachmentSets":[],"InvokedDataCollectors":[{"Uri":"datacollector://Microsoft/TestPlatform/Extensions/Blame/v1","FriendlyName":"Blame","AssemblyQualifiedName":"Microsoft.TestPlatform.Extensions.BlameDataCollector.BlameCollector, Microsoft.TestPlatform.Extensions.BlameDataCollector, Version=15.0.0.0, Culture=neutral, PublicKeyToken=b03f5f7f11d50a3a","FilePath":"C:\\Program Files\\dotnet\\sdk\\8.0.204\\Extensions\\Microsoft.TestPlatform.Extensions.BlameDataCollector.dll","HasAttachmentProcessor":false}],"Metrics":{}}}
TpTrace Information: 0 : 49512, 14, 2024/09/03, 16:14:47.642, 2356263124834, vstest.console.dll, ProxyDataCollectionManager.InvokeDataCollectionServiceAction: Completed.
TpTrace Warning: 0 : 49512, 11, 2024/09/03, 16:14:47.649, 2356263191006, vstest.console.dll, DataCollectionLauncher.ErrorReceivedCallback datacollector standard error line: 
TpTrace Information: 0 : 49512, 11, 2024/09/03, 16:14:47.653, 2356263234715, vstest.console.dll, DataCollectionLauncher.ExitCallBack: Data collector exited with exitcode: 0 error: ''
TpTrace Verbose: 0 : 49512, 14, 2024/09/03, 16:14:47.666, 2356263357800, vstest.console.dll, TestRunRequest:SendTestRunStatsChange: Starting.
TpTrace Verbose: 0 : 49512, 14, 2024/09/03, 16:14:47.666, 2356263358925, vstest.console.dll, MulticastDelegateUtilities.SafeInvoke: TestRun.RunStatsChanged: Invoking callbacks was skipped because there are no subscribers.
TpTrace Information: 0 : 49512, 14, 2024/09/03, 16:14:47.666, 2356263359186, vstest.console.dll, TestRunRequest:SendTestRunStatsChange: Completed.
TpTrace Verbose: 0 : 49512, 4, 2024/09/03, 16:14:47.666, 2356263359542, vstest.console.dll, MulticastDelegateUtilities.SafeInvoke: InternalTestLoggerEvents.SendTestResult: Invoking callback 1/1 for Microsoft.VisualStudio.TestPlatform.CommandLine.Internal.ConsoleLogger., took 0 ms.
TpTrace Verbose: 0 : 49512, 14, 2024/09/03, 16:14:47.666, 2356263361497, vstest.console.dll, ParallelProxyExecutionManager: HandlePartialRunComplete: Total workloads = 1, Total started clients = 1 Total completed clients = 1, Run complete = True, Run canceled: False.
TpTrace Verbose: 0 : 49512, 14, 2024/09/03, 16:14:47.666, 2356263361841, vstest.console.dll, ParallelProxyExecutionManager: HandlePartialRunComplete: All runs completed stopping all managers.
TpTrace Verbose: 0 : 49512, 14, 2024/09/03, 16:14:47.666, 2356263362071, vstest.console.dll, ParallelOperationManager.StopAllManagers: Stopping all managers.
TpTrace Verbose: 0 : 49512, 14, 2024/09/03, 16:14:47.666, 2356263362267, vstest.console.dll, ParallelOperationManager.ClearSlots: Clearing all slots. Slots should accept more work: False
TpTrace Verbose: 0 : 49512, 14, 2024/09/03, 16:14:47.666, 2356263362704, vstest.console.dll, ParallelOperationManager.SetOccupiedSlotCount: Setting slot counts AvailableSlotCount = 1, OccupiedSlotCount = 0.
TpTrace Verbose: 0 : 49512, 14, 2024/09/03, 16:14:47.666, 2356263363093, vstest.console.dll, Occupied slots:

TpTrace Verbose: 0 : 49512, 4, 2024/09/03, 16:14:47.671, 2356263415363, vstest.console.dll, MulticastDelegateUtilities.SafeInvoke: InternalTestLoggerEvents.SendTestRunComplete: Invoking callback 1/2 for Microsoft.TestPlatform.Extensions.BlameDataCollector.BlameLogger., took 0 ms.
TpTrace Verbose: 0 : 49512, 4, 2024/09/03, 16:14:47.675, 2356263454634, vstest.console.dll, MulticastDelegateUtilities.SafeInvoke: InternalTestLoggerEvents.SendTestRunComplete: Invoking callback 2/2 for Microsoft.VisualStudio.TestPlatform.CommandLine.Internal.ConsoleLogger., took 3 ms.
TpTrace Verbose: 0 : 49512, 14, 2024/09/03, 16:14:47.676, 2356263457310, vstest.console.dll, TestRunRequest:TestRunComplete: Starting. IsAborted:False IsCanceled:False.
TpTrace Verbose: 0 : 49512, 14, 2024/09/03, 16:14:47.676, 2356263458601, vstest.console.dll, ParallelOperationManager.DoActionOnAllManagers: Calling an action on all managers.
TpTrace Verbose: 0 : 49512, 14, 2024/09/03, 16:14:47.676, 2356263465022, vstest.console.dll, TestLoggerManager.HandleTestRunComplete: Ignoring as the object is disposed.
TpTrace Verbose: 0 : 49512, 14, 2024/09/03, 16:14:47.676, 2356263466575, vstest.console.dll, MulticastDelegateUtilities.SafeInvoke: TestRun.TestRunComplete: Invoking callback 1/2 for Microsoft.VisualStudio.TestPlatform.CommandLine.TestRunResultAggregator., took 0 ms.
TpTrace Verbose: 0 : 49512, 14, 2024/09/03, 16:14:47.677, 2356263467542, vstest.console.dll, MulticastDelegateUtilities.SafeInvoke: TestRun.TestRunComplete: Invoking callback 2/2 for Microsoft.VisualStudio.TestPlatform.CommandLine.Processors.RunTestsArgumentExecutor+TestRunRequestEventsRegistrar., took 0 ms.
TpTrace Information: 0 : 49512, 14, 2024/09/03, 16:14:47.677, 2356263468265, vstest.console.dll, TestRunRequest:TestRunComplete: Completed.
TpTrace Verbose: 0 : 49512, 1, 2024/09/03, 16:14:47.677, 2356263468379, vstest.console.dll, TestRunRequest.Dispose: Starting.
TpTrace Verbose: 0 : 49512, 14, 2024/09/03, 16:14:47.677, 2356263468536, vstest.console.dll, TestRequestSender.SetOperationComplete: Setting operation complete.
TpTrace Information: 0 : 49512, 1, 2024/09/03, 16:14:47.677, 2356263468944, vstest.console.dll, TestRunRequest.Dispose: Completed.
TpTrace Information: 0 : 49512, 14, 2024/09/03, 16:14:47.677, 2356263469262, vstest.console.dll, SocketServer.Stop: Stop server endPoint: 127.0.0.1:56586
TpTrace Information: 0 : 49512, 14, 2024/09/03, 16:14:47.677, 2356263469501, vstest.console.dll, SocketServer.Stop: Cancellation requested. Stopping message loop.
TpTrace Information: 0 : 49512, 1, 2024/09/03, 16:14:47.677, 2356263469338, vstest.console.dll, TestRequestManager.RunTests: run tests completed.
TpTrace Verbose: 0 : 49512, 14, 2024/09/03, 16:14:47.677, 2356263469769, vstest.console.dll, MulticastDelegateUtilities.SafeInvoke: LengthPrefixCommunicationChannel: MessageReceived: Invoking callback 1/1 for Microsoft.VisualStudio.TestPlatform.CommunicationUtilities.TestRequestSender+<>c__DisplayClass34_0., took 77 ms.
TpTrace Information: 0 : 49512, 14, 2024/09/03, 16:14:47.677, 2356263470315, vstest.console.dll, SocketServer.PrivateStop: Stopping server endPoint: 127.0.0.1:56586 error: 
TpTrace Information: 0 : 49512, 1, 2024/09/03, 16:14:47.677, 2356263470374, vstest.console.dll, RunTestsArgumentProcessor:Execute: Test run is completed.
TpTrace Verbose: 0 : 49512, 1, 2024/09/03, 16:14:47.677, 2356263472434, vstest.console.dll, Executor.Execute: Exiting with exit code of 0
TpTrace Verbose: 0 : 49512, 14, 2024/09/03, 16:14:47.677, 2356263474030, vstest.console.dll, LengthPrefixCommunicationChannel.Dispose: Dispose reader and writer.
TpTrace Information: 0 : 49512, 14, 2024/09/03, 16:14:47.677, 2356263474608, vstest.console.dll, SocketServer.Stop: Raise disconnected event endPoint: 127.0.0.1:56586 error: 
TpTrace Verbose: 0 : 49512, 14, 2024/09/03, 16:14:47.677, 2356263475172, vstest.console.dll, TestRequestSender: OnTestRunAbort: Operation is already complete. Skip error message.
TpTrace Verbose: 0 : 49512, 14, 2024/09/03, 16:14:47.677, 2356263475451, vstest.console.dll, MulticastDelegateUtilities.SafeInvoke: SocketServer: ClientDisconnected: Invoking callback 1/1 for Microsoft.VisualStudio.TestPlatform.CommunicationUtilities.TestRequestSender., took 0 ms.
